{"numFailedTestSuites":0,"numFailedTests":0,"numPassedTestSuites":41,"numPassedTests":49,"numPendingTestSuites":0,"numPendingTests":0,"numRuntimeErrorTestSuites":0,"numTodoTests":0,"numTotalTestSuites":41,"numTotalTests":49,"openHandles":[],"snapshot":{"added":0,"didUpdate":false,"failure":false,"filesAdded":0,"filesRemoved":0,"filesRemovedList":[],"filesUnmatched":0,"filesUpdated":0,"matched":0,"total":0,"unchecked":0,"uncheckedKeysByFile":[],"unmatched":0,"updated":0},"startTime":1704763871333,"success":true,"testResults":[{"assertionResults":[{"ancestorTitles":["useIcon"],"duration":41,"failureDetails":[],"failureMessages":[],"fullName":"useIcon Given useIcon when is mount with an id Then ","invocations":1,"location":null,"numPassingAsserts":1,"retryReasons":[],"status":"passed","title":"Given useIcon when is mount with an id Then "}],"endTime":1704763876150,"message":"","name":"/home/docker/project/react-boilerplate/react-boilerplate-md/src/icon/hook/useIcon.test.js","startTime":1704763871746,"status":"passed","summary":""},{"assertionResults":[{"ancestorTitles":["MdCommonModal"],"duration":41,"failureDetails":[],"failureMessages":[],"fullName":"MdCommonModal Given MdCommonModal When its mount Then Modal is shown","invocations":1,"location":null,"numPassingAsserts":2,"retryReasons":[],"status":"passed","title":"Given MdCommonModal When its mount Then Modal is shown"}],"endTime":1704763876155,"message":"","name":"/home/docker/project/react-boilerplate/react-boilerplate-md/src/md/component/modal/MdCommonModal.test.js","startTime":1704763871737,"status":"passed","summary":""},{"assertionResults":[{"ancestorTitles":["MdCard"],"duration":38,"failureDetails":[],"failureMessages":[],"fullName":"MdCard Given MdCard when its mount then ButtonGroup is shown","invocations":1,"location":null,"numPassingAsserts":2,"retryReasons":[],"status":"passed","title":"Given MdCard when its mount then ButtonGroup is shown"}],"endTime":1704763876188,"message":"","name":"/home/docker/project/react-boilerplate/react-boilerplate-md/src/md/component/card/MdCard.test.js","startTime":1704763871741,"status":"passed","summary":""},{"assertionResults":[{"ancestorTitles":["MdFormSwitch"],"duration":21,"failureDetails":[],"failureMessages":[],"fullName":"MdFormSwitch Given MdFormSwitch when its mount then Switch is shown","invocations":1,"location":null,"numPassingAsserts":2,"retryReasons":[],"status":"passed","title":"Given MdFormSwitch when its mount then Switch is shown"}],"endTime":1704763876451,"message":"","name":"/home/docker/project/react-boilerplate/react-boilerplate-md/src/md/component/form/switch/MdFormSwitch.test.js","startTime":1704763876207,"status":"passed","summary":""},{"assertionResults":[{"ancestorTitles":[],"duration":59,"failureDetails":[],"failureMessages":[],"fullName":"renders learn react link","invocations":1,"location":null,"numPassingAsserts":2,"retryReasons":[],"status":"passed","title":"renders learn react link"}],"endTime":1704763876794,"message":"","name":"/home/docker/project/react-boilerplate/react-boilerplate-md/src/md/component/searchbar/MdSearchBar.test.js","startTime":1704763876459,"status":"passed","summary":""},{"assertionResults":[{"ancestorTitles":[],"duration":68,"failureDetails":[],"failureMessages":[],"fullName":"renders learn react link","invocations":1,"location":null,"numPassingAsserts":2,"retryReasons":[],"status":"passed","title":"renders learn react link"}],"endTime":1704763877198,"message":"","name":"/home/docker/project/react-boilerplate/react-boilerplate-md/src/md/component/menu/MdMenuItem.test.js","startTime":1704763876802,"status":"passed","summary":""},{"assertionResults":[{"ancestorTitles":["MdToolbar"],"duration":13,"failureDetails":[],"failureMessages":[],"fullName":"MdToolbar Given MdToolbar when its mount then Toolbar is shown","invocations":1,"location":null,"numPassingAsserts":1,"retryReasons":[],"status":"passed","title":"Given MdToolbar when its mount then Toolbar is shown"}],"endTime":1704763877458,"message":"","name":"/home/docker/project/react-boilerplate/react-boilerplate-md/src/md/component/toolbar/MdToolbar.test.js","startTime":1704763877205,"status":"passed","summary":""},{"assertionResults":[{"ancestorTitles":["MdBox"],"duration":12,"failureDetails":[],"failureMessages":[],"fullName":"MdBox Given MdBox when its mount then Box is shown","invocations":1,"location":null,"numPassingAsserts":1,"retryReasons":[],"status":"passed","title":"Given MdBox when its mount then Box is shown"}],"endTime":1704763877727,"message":"","name":"/home/docker/project/react-boilerplate/react-boilerplate-md/src/md/component/box/MdBox.test.js","startTime":1704763877469,"status":"passed","summary":""},{"assertionResults":[{"ancestorTitles":["MdTabs"],"duration":14,"failureDetails":[],"failureMessages":[],"fullName":"MdTabs Given MdTabs when its mount then Tabs is shown","invocations":1,"location":null,"numPassingAsserts":2,"retryReasons":[],"status":"passed","title":"Given MdTabs when its mount then Tabs is shown"}],"endTime":1704763877967,"message":"","name":"/home/docker/project/react-boilerplate/react-boilerplate-md/src/md/component/tabs/MdTabs.test.js","startTime":1704763877738,"status":"passed","summary":""},{"assertionResults":[{"ancestorTitles":["MdChip"],"duration":43,"failureDetails":[],"failureMessages":[],"fullName":"MdChip Given MdChip when its mount then ButtonGroup is shown","invocations":1,"location":null,"numPassingAsserts":1,"retryReasons":[],"status":"passed","title":"Given MdChip when its mount then ButtonGroup is shown"}],"endTime":1704763878236,"message":"","name":"/home/docker/project/react-boilerplate/react-boilerplate-md/src/md/component/chip/MdChip.test.js","startTime":1704763877981,"status":"passed","summary":""},{"assertionResults":[{"ancestorTitles":["MdCardMedia"],"duration":12,"failureDetails":[],"failureMessages":[],"fullName":"MdCardMedia Given MdCardMedia when its mount then CardMedia is shown","invocations":1,"location":null,"numPassingAsserts":1,"retryReasons":[],"status":"passed","title":"Given MdCardMedia when its mount then CardMedia is shown"}],"endTime":1704763878488,"message":"","name":"/home/docker/project/react-boilerplate/react-boilerplate-md/src/md/component/card/media/MdCardMedia.test.js","startTime":1704763878255,"status":"passed","summary":""},{"assertionResults":[{"ancestorTitles":["MdFab"],"duration":19,"failureDetails":[],"failureMessages":[],"fullName":"MdFab Given MdFab when its mount then ButtonGroup is shown","invocations":1,"location":null,"numPassingAsserts":1,"retryReasons":[],"status":"passed","title":"Given MdFab when its mount then ButtonGroup is shown"}],"endTime":1704763878765,"message":"","name":"/home/docker/project/react-boilerplate/react-boilerplate-md/src/md/component/fab/MdFab.test.js","startTime":1704763878498,"status":"passed","summary":""},{"assertionResults":[{"ancestorTitles":["MdButton"],"duration":16,"failureDetails":[],"failureMessages":[],"fullName":"MdButton Given MdButton when its mount then Button is shown","invocations":1,"location":null,"numPassingAsserts":2,"retryReasons":[],"status":"passed","title":"Given MdButton when its mount then Button is shown"},{"ancestorTitles":["MdButton"],"duration":2,"failureDetails":[],"failureMessages":[],"fullName":"MdButton Given MdButton when its mount with url and click then navigate is called","invocations":1,"location":null,"numPassingAsserts":2,"retryReasons":[],"status":"passed","title":"Given MdButton when its mount with url and click then navigate is called"}],"endTime":1704763878843,"message":"","name":"/home/docker/project/react-boilerplate/react-boilerplate-md/src/md/component/button/MdButton.test.js","startTime":1704763876168,"status":"passed","summary":""},{"assertionResults":[{"ancestorTitles":["IconClickable"],"duration":24,"failureDetails":[],"failureMessages":[],"fullName":"IconClickable Given IconClickable when its mount then ","invocations":1,"location":null,"numPassingAsserts":1,"retryReasons":[],"status":"passed","title":"Given IconClickable when its mount then "}],"endTime":1704763878921,"message":"","name":"/home/docker/project/react-boilerplate/react-boilerplate-md/src/icon/component/IconClickable.test.js","startTime":1704763876170,"status":"passed","summary":""},{"assertionResults":[{"ancestorTitles":["MdInputDatepicker"],"duration":15,"failureDetails":[],"failureMessages":[],"fullName":"MdInputDatepicker Given MdInputDatepicker when its mount then select is shown","invocations":1,"location":null,"numPassingAsserts":2,"retryReasons":[],"status":"passed","title":"Given MdInputDatepicker when its mount then select is shown"}],"endTime":1704763878981,"message":"","name":"/home/docker/project/react-boilerplate/react-boilerplate-md/src/md/component/form/datepicker/MdInputDatepicker.test.js","startTime":1704763878775,"status":"passed","summary":""},{"assertionResults":[{"ancestorTitles":["MdTableWithPagination"],"duration":37,"failureDetails":[],"failureMessages":[],"fullName":"MdTableWithPagination Given MdTableWithPagination when its mount then Table is shown","invocations":1,"location":null,"numPassingAsserts":5,"retryReasons":[],"status":"passed","title":"Given MdTableWithPagination when its mount then Table is shown"}],"endTime":1704763879130,"message":"","name":"/home/docker/project/react-boilerplate/react-boilerplate-md/src/md/component/table/MdTableWithPagination.test.js","startTime":1704763878851,"status":"passed","summary":""},{"assertionResults":[{"ancestorTitles":["MdSnackbar"],"duration":13,"failureDetails":[],"failureMessages":[],"fullName":"MdSnackbar Given MdSnackbar when its mount then Snackbar is shown","invocations":1,"location":null,"numPassingAsserts":1,"retryReasons":[],"status":"passed","title":"Given MdSnackbar when its mount then Snackbar is shown"}],"endTime":1704763879207,"message":"","name":"/home/docker/project/react-boilerplate/react-boilerplate-md/src/md/component/snackbar/MdSnackbar.test.js","startTime":1704763878929,"status":"passed","summary":""},{"assertionResults":[{"ancestorTitles":["MdMarkdown"],"duration":23,"failureDetails":[],"failureMessages":[],"fullName":"MdMarkdown Given MdMarkdown When its mount Then MuiMarkdown is shown","invocations":1,"location":null,"numPassingAsserts":1,"retryReasons":[],"status":"passed","title":"Given MdMarkdown When its mount Then MuiMarkdown is shown"}],"endTime":1704763879293,"message":"","name":"/home/docker/project/react-boilerplate/react-boilerplate-md/src/md/component/markdown/MdMarkdown.test.js","startTime":1704763878994,"status":"passed","summary":""},{"assertionResults":[{"ancestorTitles":["MdList"],"duration":16,"failureDetails":[],"failureMessages":[],"fullName":"MdList Given MdList when its mount then List is shown","invocations":1,"location":null,"numPassingAsserts":3,"retryReasons":[],"status":"passed","title":"Given MdList when its mount then List is shown"}],"endTime":1704763879371,"message":"","name":"/home/docker/project/react-boilerplate/react-boilerplate-md/src/md/component/list/MdList.test.js","startTime":1704763879150,"status":"passed","summary":""},{"assertionResults":[{"ancestorTitles":["MdFormAutocomplete"],"duration":30,"failureDetails":[],"failureMessages":[],"fullName":"MdFormAutocomplete Given MdFormAutocomplete when its mount then Autocomplete is shown","invocations":1,"location":null,"numPassingAsserts":1,"retryReasons":[],"status":"passed","title":"Given MdFormAutocomplete when its mount then Autocomplete is shown"}],"endTime":1704763879476,"message":"","name":"/home/docker/project/react-boilerplate/react-boilerplate-md/src/md/component/form/autocomplete/MdFormAutocomplete.test.js","startTime":1704763879215,"status":"passed","summary":""},{"assertionResults":[{"ancestorTitles":["useAppRouter"],"duration":10,"failureDetails":[],"failureMessages":[],"fullName":"useAppRouter Given useAppRouter When its mmount Then ","invocations":1,"location":null,"numPassingAsserts":0,"retryReasons":[],"status":"passed","title":"Given useAppRouter When its mmount Then "}],"endTime":1704763879501,"message":"","name":"/home/docker/project/react-boilerplate/react-boilerplate-md/src/router/hook/useAppRouter.test.js","startTime":1704763879300,"status":"passed","summary":""},{"assertionResults":[{"ancestorTitles":["MdAvatar"],"duration":15,"failureDetails":[],"failureMessages":[],"fullName":"MdAvatar Given MdAvatar when its mount then Avatar is shown","invocations":1,"location":null,"numPassingAsserts":1,"retryReasons":[],"status":"passed","title":"Given MdAvatar when its mount then Avatar is shown"},{"ancestorTitles":["MdAvatar"],"duration":2,"failureDetails":[],"failureMessages":[],"fullName":"MdAvatar Given MdAvatar when its mount then Avatar is shown","invocations":1,"location":null,"numPassingAsserts":1,"retryReasons":[],"status":"passed","title":"Given MdAvatar when its mount then Avatar is shown"},{"ancestorTitles":["MdAvatar"],"duration":1,"failureDetails":[],"failureMessages":[],"fullName":"MdAvatar Given MdAvatar when its mount then Avatar is shown","invocations":1,"location":null,"numPassingAsserts":1,"retryReasons":[],"status":"passed","title":"Given MdAvatar when its mount then Avatar is shown"}],"endTime":1704763879716,"message":"","name":"/home/docker/project/react-boilerplate/react-boilerplate-md/src/md/component/avatar/MdAvatar.test.js","startTime":1704763879508,"status":"passed","summary":""},{"assertionResults":[{"ancestorTitles":["MdFormCheckbox"],"duration":49,"failureDetails":[],"failureMessages":[],"fullName":"MdFormCheckbox Given MdFormCheckbox when its mount then Checkbox is shown","invocations":1,"location":null,"numPassingAsserts":2,"retryReasons":[],"status":"passed","title":"Given MdFormCheckbox when its mount then Checkbox is shown"}],"endTime":1704763879730,"message":"","name":"/home/docker/project/react-boilerplate/react-boilerplate-md/src/md/component/form/checkbox/MdFormCheckbox.test.js","startTime":1704763879378,"status":"passed","summary":""},{"assertionResults":[{"ancestorTitles":["MdInputText"],"duration":31,"failureDetails":[],"failureMessages":[],"fullName":"MdInputText Given MdInputText when its mount then Grid is shown","invocations":1,"location":null,"numPassingAsserts":4,"retryReasons":[],"status":"passed","title":"Given MdInputText when its mount then Grid is shown"}],"endTime":1704763879734,"message":"","name":"/home/docker/project/react-boilerplate/react-boilerplate-md/src/md/component/form/text/MdInputText.test.js","startTime":1704763879492,"status":"passed","summary":""},{"assertionResults":[{"ancestorTitles":["MdThemeProvider"],"duration":12,"failureDetails":[],"failureMessages":[],"fullName":"MdThemeProvider Given MdThemeProvider when its mount then ThemeProvider is shown","invocations":1,"location":null,"numPassingAsserts":1,"retryReasons":[],"status":"passed","title":"Given MdThemeProvider when its mount then ThemeProvider is shown"}],"endTime":1704763879981,"message":"","name":"/home/docker/project/react-boilerplate/react-boilerplate-md/src/md/component/theme/MdThemeProvider.test.js","startTime":1704763879725,"status":"passed","summary":""},{"assertionResults":[{"ancestorTitles":["MdTypo"],"duration":11,"failureDetails":[],"failureMessages":[],"fullName":"MdTypo Given MdTypo when its mount then ButtonGroup is shown","invocations":1,"location":null,"numPassingAsserts":1,"retryReasons":[],"status":"passed","title":"Given MdTypo when its mount then ButtonGroup is shown"}],"endTime":1704763879982,"message":"","name":"/home/docker/project/react-boilerplate/react-boilerplate-md/src/md/component/typo/MdTypo.test.js","startTime":1704763879743,"status":"passed","summary":""},{"assertionResults":[{"ancestorTitles":["MdGrid"],"duration":11,"failureDetails":[],"failureMessages":[],"fullName":"MdGrid Given MdGrid when its mount then Grid is shown","invocations":1,"location":null,"numPassingAsserts":1,"retryReasons":[],"status":"passed","title":"Given MdGrid when its mount then Grid is shown"}],"endTime":1704763879989,"message":"","name":"/home/docker/project/react-boilerplate/react-boilerplate-md/src/md/component/grid/MdGrid.test.js","startTime":1704763879750,"status":"passed","summary":""},{"assertionResults":[{"ancestorTitles":["MdLink"],"duration":11,"failureDetails":[],"failureMessages":[],"fullName":"MdLink Given MdLink when its mount then Link is shown","invocations":1,"location":null,"numPassingAsserts":1,"retryReasons":[],"status":"passed","title":"Given MdLink when its mount then Link is shown"}],"endTime":1704763880189,"message":"","name":"/home/docker/project/react-boilerplate/react-boilerplate-md/src/md/component/link/MdLink.test.js","startTime":1704763879987,"status":"passed","summary":""},{"assertionResults":[{"ancestorTitles":["MdFormSelect"],"duration":19,"failureDetails":[],"failureMessages":[],"fullName":"MdFormSelect Given MdFormSelect when its mount then select is shown","invocations":1,"location":null,"numPassingAsserts":1,"retryReasons":[],"status":"passed","title":"Given MdFormSelect when its mount then select is shown"}],"endTime":1704763880199,"message":"","name":"/home/docker/project/react-boilerplate/react-boilerplate-md/src/md/component/form/select/MdFormSelect.test.js","startTime":1704763879990,"status":"passed","summary":""},{"assertionResults":[{"ancestorTitles":["MdFormFile"],"duration":22,"failureDetails":[],"failureMessages":[],"fullName":"MdFormFile Given MdFormFile when its mount then Checkbox is shown","invocations":1,"location":null,"numPassingAsserts":2,"retryReasons":[],"status":"passed","title":"Given MdFormFile when its mount then Checkbox is shown"}],"endTime":1704763880204,"message":"","name":"/home/docker/project/react-boilerplate/react-boilerplate-md/src/md/component/form/file/MdFormFile.test.js","startTime":1704763879997,"status":"passed","summary":""},{"assertionResults":[{"ancestorTitles":["MdLinearProgress"],"duration":10,"failureDetails":[],"failureMessages":[],"fullName":"MdLinearProgress Given MdLinearProgress When its mount Then LinearProgress is shown","invocations":1,"location":null,"numPassingAsserts":1,"retryReasons":[],"status":"passed","title":"Given MdLinearProgress When its mount Then LinearProgress is shown"}],"endTime":1704763880407,"message":"","name":"/home/docker/project/react-boilerplate/react-boilerplate-md/src/md/component/linear-progress/MdLinearProgress.test.js","startTime":1704763880212,"status":"passed","summary":""},{"assertionResults":[{"ancestorTitles":["MdBouttonGroup"],"duration":10,"failureDetails":[],"failureMessages":[],"fullName":"MdBouttonGroup Given MdBouttonGroup when its mount then ButtonGroup is shown","invocations":1,"location":null,"numPassingAsserts":1,"retryReasons":[],"status":"passed","title":"Given MdBouttonGroup when its mount then ButtonGroup is shown"}],"endTime":1704763880407,"message":"","name":"/home/docker/project/react-boilerplate/react-boilerplate-md/src/md/component/button/group/MdBouttonGroup.test.js","startTime":1704763880210,"status":"passed","summary":""},{"assertionResults":[{"ancestorTitles":["useTheme"],"duration":14,"failureDetails":[],"failureMessages":[],"fullName":"useTheme Given useTheme when is mount Then ","invocations":1,"location":null,"numPassingAsserts":0,"retryReasons":[],"status":"passed","title":"Given useTheme when is mount Then "}],"endTime":1704763880415,"message":"","name":"/home/docker/project/react-boilerplate/react-boilerplate-md/src/md/component/theme/useTheme.test.js","startTime":1704763880195,"status":"passed","summary":""},{"assertionResults":[{"ancestorTitles":["I18Utils - translate"],"duration":1,"failureDetails":[],"failureMessages":[],"fullName":"I18Utils - translate Given I18Utils When libelle is find Then show libelle","invocations":1,"location":null,"numPassingAsserts":1,"retryReasons":[],"status":"passed","title":"Given I18Utils When libelle is find Then show libelle"},{"ancestorTitles":["I18Utils - translate"],"duration":0,"failureDetails":[],"failureMessages":[],"fullName":"I18Utils - translate Given I18Utils When libelle is null Then show empty string","invocations":1,"location":null,"numPassingAsserts":1,"retryReasons":[],"status":"passed","title":"Given I18Utils When libelle is null Then show empty string"}],"endTime":1704763880511,"message":"","name":"/home/docker/project/react-boilerplate/react-boilerplate-md/src/utils/i18n/I18nUtils.test.js","startTime":1704763880422,"status":"passed","summary":""},{"assertionResults":[{"ancestorTitles":["i18n"],"duration":1,"failureDetails":[],"failureMessages":[],"fullName":"i18n Given Trans from i18n When component is mount Then he is find in the DOM","invocations":1,"location":null,"numPassingAsserts":1,"retryReasons":[],"status":"passed","title":"Given Trans from i18n When component is mount Then he is find in the DOM"}],"endTime":1704763880612,"message":"","name":"/home/docker/project/react-boilerplate/react-boilerplate-md/src/i18n/i18.test.js","startTime":1704763880518,"status":"passed","summary":""},{"assertionResults":[{"ancestorTitles":["MdContainer"],"duration":11,"failureDetails":[],"failureMessages":[],"fullName":"MdContainer Given MdContainer when its mount then ButtonGroup is shown","invocations":1,"location":null,"numPassingAsserts":1,"retryReasons":[],"status":"passed","title":"Given MdContainer when its mount then ButtonGroup is shown"}],"endTime":1704763880614,"message":"","name":"/home/docker/project/react-boilerplate/react-boilerplate-md/src/md/component/container/MdContainer.test.js","startTime":1704763880419,"status":"passed","summary":""},{"assertionResults":[{"ancestorTitles":["MdDivider"],"duration":12,"failureDetails":[],"failureMessages":[],"fullName":"MdDivider Given MdDivider when its mount then Divider is shown","invocations":1,"location":null,"numPassingAsserts":1,"retryReasons":[],"status":"passed","title":"Given MdDivider when its mount then Divider is shown"}],"endTime":1704763880616,"message":"","name":"/home/docker/project/react-boilerplate/react-boilerplate-md/src/md/component/divider/MdDivider.test.js","startTime":1704763880419,"status":"passed","summary":""},{"assertionResults":[{"ancestorTitles":["UUID UTILS - "],"duration":1,"failureDetails":[],"failureMessages":[],"fullName":"UUID UTILS -  Given UuidUtils When createUUID is called Then return an generated uuid","invocations":1,"location":null,"numPassingAsserts":1,"retryReasons":[],"status":"passed","title":"Given UuidUtils When createUUID is called Then return an generated uuid"}],"endTime":1704763880705,"message":"","name":"/home/docker/project/react-boilerplate/react-boilerplate-md/src/utils/uuid/UuidUtils.test.js","startTime":1704763880617,"status":"passed","summary":""},{"assertionResults":[{"ancestorTitles":["DateUtils - format"],"duration":1,"failureDetails":[],"failureMessages":[],"fullName":"DateUtils - format Given DateUtils When format width a empty date Then the return is weird","invocations":1,"location":null,"numPassingAsserts":1,"retryReasons":[],"status":"passed","title":"Given DateUtils When format width a empty date Then the return is weird"},{"ancestorTitles":["DateUtils - format"],"duration":0,"failureDetails":[],"failureMessages":[],"fullName":"DateUtils - format Given DateUtils When format width a good date Then the date is format correctly","invocations":1,"location":null,"numPassingAsserts":1,"retryReasons":[],"status":"passed","title":"Given DateUtils When format width a good date Then the date is format correctly"}],"endTime":1704763880712,"message":"","name":"/home/docker/project/react-boilerplate/react-boilerplate-md/src/utils/date/DateUtils.test.js","startTime":1704763880623,"status":"passed","summary":""},{"assertionResults":[{"ancestorTitles":["ListUtils - convertEnumToList"],"duration":2,"failureDetails":[],"failureMessages":[],"fullName":"ListUtils - convertEnumToList When ListUtils When convert enum to list Then return true","invocations":1,"location":null,"numPassingAsserts":3,"retryReasons":[],"status":"passed","title":"When ListUtils When convert enum to list Then return true"},{"ancestorTitles":["ListUtils - getListeBoolean"],"duration":1,"failureDetails":[],"failureMessages":[],"fullName":"ListUtils - getListeBoolean When ListUtils When getListeBoolean Then return dto for radio input","invocations":1,"location":null,"numPassingAsserts":3,"retryReasons":[],"status":"passed","title":"When ListUtils When getListeBoolean Then return dto for radio input"},{"ancestorTitles":["ListUtils - toSelectData"],"duration":1,"failureDetails":[],"failureMessages":[],"fullName":"ListUtils - toSelectData When ListUtils When toSelectData Then return a ListType","invocations":1,"location":null,"numPassingAsserts":3,"retryReasons":[],"status":"passed","title":"When ListUtils When toSelectData Then return a ListType"}],"endTime":1704763880723,"message":"","name":"/home/docker/project/react-boilerplate/react-boilerplate-md/src/utils/list/ListUtils.test.js","startTime":1704763880627,"status":"passed","summary":""},{"assertionResults":[{"ancestorTitles":["ObjectUtils"],"duration":1,"failureDetails":[],"failureMessages":[],"fullName":"ObjectUtils Given ObjectUtils When getDtoValue Then return value","invocations":1,"location":null,"numPassingAsserts":1,"retryReasons":[],"status":"passed","title":"Given ObjectUtils When getDtoValue Then return value"},{"ancestorTitles":["ObjectUtils"],"duration":0,"failureDetails":[],"failureMessages":[],"fullName":"ObjectUtils Given ObjectUtils When getDtoString Then return value","invocations":1,"location":null,"numPassingAsserts":1,"retryReasons":[],"status":"passed","title":"Given ObjectUtils When getDtoString Then return value"}],"endTime":1704763880794,"message":"","name":"/home/docker/project/react-boilerplate/react-boilerplate-md/src/utils/object/ObjectUtils.test.js","startTime":1704763880711,"status":"passed","summary":""}],"wasInterrupted":false}
