{"numFailedTestSuites":0,"numFailedTests":0,"numPassedTestSuites":47,"numPassedTests":63,"numPendingTestSuites":0,"numPendingTests":0,"numRuntimeErrorTestSuites":0,"numTodoTests":0,"numTotalTestSuites":47,"numTotalTests":63,"openHandles":[],"snapshot":{"added":0,"didUpdate":false,"failure":false,"filesAdded":0,"filesRemoved":0,"filesRemovedList":[],"filesUnmatched":0,"filesUpdated":0,"matched":0,"total":0,"unchecked":0,"uncheckedKeysByFile":[],"unmatched":0,"updated":0},"startTime":1710521358920,"success":true,"testResults":[{"assertionResults":[{"ancestorTitles":["MdCard"],"duration":55,"failureDetails":[],"failureMessages":[],"fullName":"MdCard Given MdCard when its mount then ButtonGroup is shown","invocations":1,"location":null,"numPassingAsserts":2,"retryReasons":[],"status":"passed","title":"Given MdCard when its mount then ButtonGroup is shown"}],"endTime":1710521368031,"message":"","name":"/home/docker/project/react-boilerplate/react-boilerplate-md/src/md/component/card/MdCard.test.js","startTime":1710521359993,"status":"passed","summary":""},{"assertionResults":[{"ancestorTitles":["MdButton"],"duration":31,"failureDetails":[],"failureMessages":[],"fullName":"MdButton Given MdButton when its mount then Button is shown","invocations":1,"location":null,"numPassingAsserts":2,"retryReasons":[],"status":"passed","title":"Given MdButton when its mount then Button is shown"},{"ancestorTitles":["MdButton"],"duration":4,"failureDetails":[],"failureMessages":[],"fullName":"MdButton Given MdButton when its mount with url and click then navigate is called","invocations":1,"location":null,"numPassingAsserts":2,"retryReasons":[],"status":"passed","title":"Given MdButton when its mount with url and click then navigate is called"}],"endTime":1710521368853,"message":"","name":"/home/docker/project/react-boilerplate/react-boilerplate-md/src/md/component/button/MdButton.test.js","startTime":1710521360004,"status":"passed","summary":""},{"assertionResults":[{"ancestorTitles":["MdCommonModal"],"duration":60,"failureDetails":[],"failureMessages":[],"fullName":"MdCommonModal Given MdCommonModal When its mount Then Modal is shown","invocations":1,"location":null,"numPassingAsserts":2,"retryReasons":[],"status":"passed","title":"Given MdCommonModal When its mount Then Modal is shown"}],"endTime":1710521369034,"message":"","name":"/home/docker/project/react-boilerplate/react-boilerplate-md/src/md/component/modal/MdCommonModal.test.js","startTime":1710521360024,"status":"passed","summary":""},{"assertionResults":[{"ancestorTitles":[],"duration":83,"failureDetails":[],"failureMessages":[],"fullName":"renders learn react link","invocations":1,"location":null,"numPassingAsserts":2,"retryReasons":[],"status":"passed","title":"renders learn react link"}],"endTime":1710521372289,"message":"","name":"/home/docker/project/react-boilerplate/react-boilerplate-md/src/md/component/searchbar/MdSearchBar.test.js","startTime":1710521368055,"status":"passed","summary":""},{"assertionResults":[{"ancestorTitles":["IconClickable"],"duration":36,"failureDetails":[],"failureMessages":[],"fullName":"IconClickable Given IconClickable when its mount then ","invocations":1,"location":null,"numPassingAsserts":1,"retryReasons":[],"status":"passed","title":"Given IconClickable when its mount then "}],"endTime":1710521373261,"message":"","name":"/home/docker/project/react-boilerplate/react-boilerplate-md/src/icon/component/IconClickable.test.js","startTime":1710521368897,"status":"passed","summary":""},{"assertionResults":[{"ancestorTitles":["MdBouttonGroup"],"duration":23,"failureDetails":[],"failureMessages":[],"fullName":"MdBouttonGroup Given MdBouttonGroup when its mount then ButtonGroup is shown","invocations":1,"location":null,"numPassingAsserts":1,"retryReasons":[],"status":"passed","title":"Given MdBouttonGroup when its mount then ButtonGroup is shown"}],"endTime":1710521373769,"message":"","name":"/home/docker/project/react-boilerplate/react-boilerplate-md/src/md/component/button/group/MdBouttonGroup.test.js","startTime":1710521369080,"status":"passed","summary":""},{"assertionResults":[{"ancestorTitles":["useIcon"],"duration":54,"failureDetails":[],"failureMessages":[],"fullName":"useIcon Given useIcon when is mount with an id Then ","invocations":1,"location":null,"numPassingAsserts":1,"retryReasons":[],"status":"passed","title":"Given useIcon when is mount with an id Then "}],"endTime":1710521376929,"message":"","name":"/home/docker/project/react-boilerplate/react-boilerplate-md/src/icon/hook/useIcon.test.js","startTime":1710521372325,"status":"passed","summary":""},{"assertionResults":[{"ancestorTitles":["MdChip"],"duration":26,"failureDetails":[],"failureMessages":[],"fullName":"MdChip Given MdChip when its mount then ButtonGroup is shown","invocations":1,"location":null,"numPassingAsserts":1,"retryReasons":[],"status":"passed","title":"Given MdChip when its mount then ButtonGroup is shown"},{"ancestorTitles":["MdChip"],"duration":2,"failureDetails":[],"failureMessages":[],"fullName":"MdChip Given MdChip when its mount then ButtonGroup is shown","invocations":1,"location":null,"numPassingAsserts":1,"retryReasons":[],"status":"passed","title":"Given MdChip when its mount then ButtonGroup is shown"}],"endTime":1710521377574,"message":"","name":"/home/docker/project/react-boilerplate/react-boilerplate-md/src/md/component/chip/MdChip.test.js","startTime":1710521373294,"status":"passed","summary":""},{"assertionResults":[{"ancestorTitles":["MdTreeView"],"duration":131,"failureDetails":[],"failureMessages":[],"fullName":"MdTreeView Given MdTreeView when its mount then Toolbar is shown","invocations":1,"location":null,"numPassingAsserts":1,"retryReasons":[],"status":"passed","title":"Given MdTreeView when its mount then Toolbar is shown"}],"endTime":1710521377853,"message":"","name":"/home/docker/project/react-boilerplate/react-boilerplate-md/src/md/component/treeview/MdTreeView.test.js","startTime":1710521376954,"status":"passed","summary":""},{"assertionResults":[{"ancestorTitles":["MdLink"],"duration":13,"failureDetails":[],"failureMessages":[],"fullName":"MdLink Given MdLink when its mount then Link is shown","invocations":1,"location":null,"numPassingAsserts":1,"retryReasons":[],"status":"passed","title":"Given MdLink when its mount then Link is shown"}],"endTime":1710521377974,"message":"","name":"/home/docker/project/react-boilerplate/react-boilerplate-md/src/md/component/link/MdLink.test.js","startTime":1710521377604,"status":"passed","summary":""},{"assertionResults":[{"ancestorTitles":["MdFormSelect"],"duration":37,"failureDetails":[],"failureMessages":[],"fullName":"MdFormSelect Given MdFormSelect when its mount then select is shown","invocations":1,"location":null,"numPassingAsserts":1,"retryReasons":[],"status":"passed","title":"Given MdFormSelect when its mount then select is shown"}],"endTime":1710521378137,"message":"","name":"/home/docker/project/react-boilerplate/react-boilerplate-md/src/md/component/form/select/MdFormSelect.test.js","startTime":1710521373806,"status":"passed","summary":""},{"assertionResults":[{"ancestorTitles":["MdLinearProgress"],"duration":17,"failureDetails":[],"failureMessages":[],"fullName":"MdLinearProgress Given MdLinearProgress When its mount Then LinearProgress is shown","invocations":1,"location":null,"numPassingAsserts":1,"retryReasons":[],"status":"passed","title":"Given MdLinearProgress When its mount Then LinearProgress is shown"}],"endTime":1710521378289,"message":"","name":"/home/docker/project/react-boilerplate/react-boilerplate-md/src/md/component/linear-progress/MdLinearProgress.test.js","startTime":1710521377988,"status":"passed","summary":""},{"assertionResults":[{"ancestorTitles":[],"duration":102,"failureDetails":[],"failureMessages":[],"fullName":"renders learn react link","invocations":1,"location":null,"numPassingAsserts":2,"retryReasons":[],"status":"passed","title":"renders learn react link"}],"endTime":1710521378410,"message":"","name":"/home/docker/project/react-boilerplate/react-boilerplate-md/src/md/component/menu/MdMenuItem.test.js","startTime":1710521377868,"status":"passed","summary":""},{"assertionResults":[{"ancestorTitles":["MdTypo"],"duration":33,"failureDetails":[],"failureMessages":[],"fullName":"MdTypo Given MdTypo when its mount then ButtonGroup is shown","invocations":1,"location":null,"numPassingAsserts":1,"retryReasons":[],"status":"passed","title":"Given MdTypo when its mount then ButtonGroup is shown"}],"endTime":1710521378516,"message":"","name":"/home/docker/project/react-boilerplate/react-boilerplate-md/src/md/component/typo/MdTypo.test.js","startTime":1710521378162,"status":"passed","summary":""},{"assertionResults":[{"ancestorTitles":["MdFormCheckbox"],"duration":27,"failureDetails":[],"failureMessages":[],"fullName":"MdFormCheckbox Given MdFormCheckbox when its mount then Checkbox is shown","invocations":1,"location":null,"numPassingAsserts":2,"retryReasons":[],"status":"passed","title":"Given MdFormCheckbox when its mount then Checkbox is shown"}],"endTime":1710521378699,"message":"","name":"/home/docker/project/react-boilerplate/react-boilerplate-md/src/md/component/form/checkbox/MdFormCheckbox.test.js","startTime":1710521378313,"status":"passed","summary":""},{"assertionResults":[{"ancestorTitles":["MdAccordion"],"duration":19,"failureDetails":[],"failureMessages":[],"fullName":"MdAccordion Given MdAccordion when its mount then Alert is shown","invocations":1,"location":null,"numPassingAsserts":3,"retryReasons":[],"status":"passed","title":"Given MdAccordion when its mount then Alert is shown"}],"endTime":1710521378924,"message":"","name":"/home/docker/project/react-boilerplate/react-boilerplate-md/src/md/component/accordion/MdAccordion.test.js","startTime":1710521378437,"status":"passed","summary":""},{"assertionResults":[{"ancestorTitles":["MdTableWithPagination"],"duration":28,"failureDetails":[],"failureMessages":[],"fullName":"MdTableWithPagination Given MdTableWithPagination when its mount then Table is shown","invocations":1,"location":null,"numPassingAsserts":5,"retryReasons":[],"status":"passed","title":"Given MdTableWithPagination when its mount then Table is shown"}],"endTime":1710521378963,"message":"","name":"/home/docker/project/react-boilerplate/react-boilerplate-md/src/md/component/table/MdTableWithPagination.test.js","startTime":1710521378571,"status":"passed","summary":""},{"assertionResults":[{"ancestorTitles":["useTheme"],"duration":25,"failureDetails":[],"failureMessages":[],"fullName":"useTheme Given useTheme when is mount Then ","invocations":1,"location":null,"numPassingAsserts":0,"retryReasons":[],"status":"passed","title":"Given useTheme when is mount Then "}],"endTime":1710521379070,"message":"","name":"/home/docker/project/react-boilerplate/react-boilerplate-md/src/md/component/theme/useTheme.test.js","startTime":1710521378712,"status":"passed","summary":""},{"assertionResults":[{"ancestorTitles":["MdAlert"],"duration":12,"failureDetails":[],"failureMessages":[],"fullName":"MdAlert Given MdAlert when its mount then Alert is shown","invocations":1,"location":null,"numPassingAsserts":1,"retryReasons":[],"status":"passed","title":"Given MdAlert when its mount then Alert is shown"}],"endTime":1710521379209,"message":"","name":"/home/docker/project/react-boilerplate/react-boilerplate-md/src/md/component/alert/MdAlert.test.js","startTime":1710521378947,"status":"passed","summary":""},{"assertionResults":[{"ancestorTitles":["MdListSimple"],"duration":81,"failureDetails":[],"failureMessages":[],"fullName":"MdListSimple Given MdListSimple when its mount then List is shown","invocations":1,"location":null,"numPassingAsserts":1,"retryReasons":[],"status":"passed","title":"Given MdListSimple when its mount then List is shown"}],"endTime":1710521379364,"message":"","name":"/home/docker/project/react-boilerplate/react-boilerplate-md/src/md/component/list/MdListSimple.test.js","startTime":1710521378986,"status":"passed","summary":""},{"assertionResults":[{"ancestorTitles":["MdTabs"],"duration":16,"failureDetails":[],"failureMessages":[],"fullName":"MdTabs Given MdTabs when its mount then Tabs is shown","invocations":1,"location":null,"numPassingAsserts":2,"retryReasons":[],"status":"passed","title":"Given MdTabs when its mount then Tabs is shown"}],"endTime":1710521379386,"message":"","name":"/home/docker/project/react-boilerplate/react-boilerplate-md/src/md/component/tabs/MdTabs.test.js","startTime":1710521379087,"status":"passed","summary":""},{"assertionResults":[{"ancestorTitles":["MdContainer"],"duration":12,"failureDetails":[],"failureMessages":[],"fullName":"MdContainer Given MdContainer when its mount then ButtonGroup is shown","invocations":1,"location":null,"numPassingAsserts":1,"retryReasons":[],"status":"passed","title":"Given MdContainer when its mount then ButtonGroup is shown"}],"endTime":1710521379494,"message":"","name":"/home/docker/project/react-boilerplate/react-boilerplate-md/src/md/component/container/MdContainer.test.js","startTime":1710521379222,"status":"passed","summary":""},{"assertionResults":[{"ancestorTitles":["MdFormFile"],"duration":21,"failureDetails":[],"failureMessages":[],"fullName":"MdFormFile Given MdFormFile when its mount then Checkbox is shown","invocations":1,"location":null,"numPassingAsserts":2,"retryReasons":[],"status":"passed","title":"Given MdFormFile when its mount then Checkbox is shown"}],"endTime":1710521379690,"message":"","name":"/home/docker/project/react-boilerplate/react-boilerplate-md/src/md/component/form/file/MdFormFile.test.js","startTime":1710521379387,"status":"passed","summary":""},{"assertionResults":[{"ancestorTitles":["MdFab"],"duration":18,"failureDetails":[],"failureMessages":[],"fullName":"MdFab Given MdFab when its mount then ButtonGroup is shown","invocations":1,"location":null,"numPassingAsserts":1,"retryReasons":[],"status":"passed","title":"Given MdFab when its mount then ButtonGroup is shown"}],"endTime":1710521379759,"message":"","name":"/home/docker/project/react-boilerplate/react-boilerplate-md/src/md/component/fab/MdFab.test.js","startTime":1710521379402,"status":"passed","summary":""},{"assertionResults":[{"ancestorTitles":["MdBox"],"duration":13,"failureDetails":[],"failureMessages":[],"fullName":"MdBox Given MdBox when its mount then Box is shown","invocations":1,"location":null,"numPassingAsserts":1,"retryReasons":[],"status":"passed","title":"Given MdBox when its mount then Box is shown"}],"endTime":1710521379815,"message":"","name":"/home/docker/project/react-boilerplate/react-boilerplate-md/src/md/component/box/MdBox.test.js","startTime":1710521379516,"status":"passed","summary":""},{"assertionResults":[{"ancestorTitles":["MdCollapse"],"duration":11,"failureDetails":[],"failureMessages":[],"fullName":"MdCollapse Given MdCollapse when its mount then Collapse is shown","invocations":1,"location":null,"numPassingAsserts":1,"retryReasons":[],"status":"passed","title":"Given MdCollapse when its mount then Collapse is shown"}],"endTime":1710521380036,"message":"","name":"/home/docker/project/react-boilerplate/react-boilerplate-md/src/md/component/collapse/MdCollapse.test.js","startTime":1710521379772,"status":"passed","summary":""},{"assertionResults":[{"ancestorTitles":["MdThemeProvider"],"duration":17,"failureDetails":[],"failureMessages":[],"fullName":"MdThemeProvider Given MdThemeProvider when its mount then ThemeProvider is shown","invocations":1,"location":null,"numPassingAsserts":1,"retryReasons":[],"status":"passed","title":"Given MdThemeProvider when its mount then ThemeProvider is shown"}],"endTime":1710521380049,"message":"","name":"/home/docker/project/react-boilerplate/react-boilerplate-md/src/md/component/theme/MdThemeProvider.test.js","startTime":1710521379701,"status":"passed","summary":""},{"assertionResults":[{"ancestorTitles":["useAppRouter"],"duration":11,"failureDetails":[],"failureMessages":[],"fullName":"useAppRouter Given useAppRouter When its mmount Then ","invocations":1,"location":null,"numPassingAsserts":0,"retryReasons":[],"status":"passed","title":"Given useAppRouter When its mmount Then "}],"endTime":1710521380137,"message":"","name":"/home/docker/project/react-boilerplate/react-boilerplate-md/src/router/hook/useAppRouter.test.js","startTime":1710521379832,"status":"passed","summary":""},{"assertionResults":[{"ancestorTitles":["MdGrid"],"duration":19,"failureDetails":[],"failureMessages":[],"fullName":"MdGrid Given MdGrid when its mount then Grid is shown","invocations":1,"location":null,"numPassingAsserts":1,"retryReasons":[],"status":"passed","title":"Given MdGrid when its mount then Grid is shown"}],"endTime":1710521380420,"message":"","name":"/home/docker/project/react-boilerplate/react-boilerplate-md/src/md/component/grid/MdGrid.test.js","startTime":1710521380054,"status":"passed","summary":""},{"assertionResults":[{"ancestorTitles":["MdAvatar"],"duration":14,"failureDetails":[],"failureMessages":[],"fullName":"MdAvatar Given MdAvatar when its mount then Avatar is shown","invocations":1,"location":null,"numPassingAsserts":1,"retryReasons":[],"status":"passed","title":"Given MdAvatar when its mount then Avatar is shown"},{"ancestorTitles":["MdAvatar"],"duration":2,"failureDetails":[],"failureMessages":[],"fullName":"MdAvatar Given MdAvatar when its mount then Avatar is shown","invocations":1,"location":null,"numPassingAsserts":1,"retryReasons":[],"status":"passed","title":"Given MdAvatar when its mount then Avatar is shown"},{"ancestorTitles":["MdAvatar"],"duration":2,"failureDetails":[],"failureMessages":[],"fullName":"MdAvatar Given MdAvatar when its mount then Avatar is shown","invocations":1,"location":null,"numPassingAsserts":1,"retryReasons":[],"status":"passed","title":"Given MdAvatar when its mount then Avatar is shown"}],"endTime":1710521380492,"message":"","name":"/home/docker/project/react-boilerplate/react-boilerplate-md/src/md/component/avatar/MdAvatar.test.js","startTime":1710521380080,"status":"passed","summary":""},{"assertionResults":[{"ancestorTitles":["MdBackdrop"],"duration":14,"failureDetails":[],"failureMessages":[],"fullName":"MdBackdrop Given MdBackdrop when its mount then Alert is shown","invocations":1,"location":null,"numPassingAsserts":1,"retryReasons":[],"status":"passed","title":"Given MdBackdrop when its mount then Alert is shown"}],"endTime":1710521380608,"message":"","name":"/home/docker/project/react-boilerplate/react-boilerplate-md/src/md/component/backdrop/MdBackdrop.test.js","startTime":1710521380211,"status":"passed","summary":""},{"assertionResults":[{"ancestorTitles":["MdMarkdown"],"duration":16,"failureDetails":[],"failureMessages":[],"fullName":"MdMarkdown Given MdMarkdown When its mount Then MuiMarkdown is shown","invocations":1,"location":null,"numPassingAsserts":1,"retryReasons":[],"status":"passed","title":"Given MdMarkdown When its mount Then MuiMarkdown is shown"}],"endTime":1710521380779,"message":"","name":"/home/docker/project/react-boilerplate/react-boilerplate-md/src/md/component/markdown/MdMarkdown.test.js","startTime":1710521380431,"status":"passed","summary":""},{"assertionResults":[{"ancestorTitles":["MdDivider"],"duration":15,"failureDetails":[],"failureMessages":[],"fullName":"MdDivider Given MdDivider when its mount then Divider is shown","invocations":1,"location":null,"numPassingAsserts":1,"retryReasons":[],"status":"passed","title":"Given MdDivider when its mount then Divider is shown"}],"endTime":1710521380801,"message":"","name":"/home/docker/project/react-boilerplate/react-boilerplate-md/src/md/component/divider/MdDivider.test.js","startTime":1710521380508,"status":"passed","summary":""},{"assertionResults":[{"ancestorTitles":["MdList"],"duration":20,"failureDetails":[],"failureMessages":[],"fullName":"MdList Given MdList when its mount then List is shown","invocations":1,"location":null,"numPassingAsserts":3,"retryReasons":[],"status":"passed","title":"Given MdList when its mount then List is shown"}],"endTime":1710521380977,"message":"","name":"/home/docker/project/react-boilerplate/react-boilerplate-md/src/md/component/list/MdList.test.js","startTime":1710521380622,"status":"passed","summary":""},{"assertionResults":[{"ancestorTitles":["MdCardMedia"],"duration":15,"failureDetails":[],"failureMessages":[],"fullName":"MdCardMedia Given MdCardMedia when its mount then CardMedia is shown","invocations":1,"location":null,"numPassingAsserts":1,"retryReasons":[],"status":"passed","title":"Given MdCardMedia when its mount then CardMedia is shown"}],"endTime":1710521381121,"message":"","name":"/home/docker/project/react-boilerplate/react-boilerplate-md/src/md/component/card/media/MdCardMedia.test.js","startTime":1710521380816,"status":"passed","summary":""},{"assertionResults":[{"ancestorTitles":["MdInputText"],"duration":29,"failureDetails":[],"failureMessages":[],"fullName":"MdInputText Given MdInputText when its mount then Grid is shown","invocations":1,"location":null,"numPassingAsserts":4,"retryReasons":[],"status":"passed","title":"Given MdInputText when its mount then Grid is shown"}],"endTime":1710521381327,"message":"","name":"/home/docker/project/react-boilerplate/react-boilerplate-md/src/md/component/form/text/MdInputText.test.js","startTime":1710521381007,"status":"passed","summary":""},{"assertionResults":[{"ancestorTitles":["MdFormAutocomplete"],"duration":33,"failureDetails":[],"failureMessages":[],"fullName":"MdFormAutocomplete Given MdFormAutocomplete when its mount then Autocomplete is shown","invocations":1,"location":null,"numPassingAsserts":1,"retryReasons":[],"status":"passed","title":"Given MdFormAutocomplete when its mount then Autocomplete is shown"}],"endTime":1710521381370,"message":"","name":"/home/docker/project/react-boilerplate/react-boilerplate-md/src/md/component/form/autocomplete/MdFormAutocomplete.test.js","startTime":1710521380858,"status":"passed","summary":""},{"assertionResults":[{"ancestorTitles":["MdInputDatepicker"],"duration":23,"failureDetails":[],"failureMessages":[],"fullName":"MdInputDatepicker Given MdInputDatepicker when its mount then select is shown","invocations":1,"location":null,"numPassingAsserts":2,"retryReasons":[],"status":"passed","title":"Given MdInputDatepicker when its mount then select is shown"}],"endTime":1710521381461,"message":"","name":"/home/docker/project/react-boilerplate/react-boilerplate-md/src/md/component/form/datepicker/MdInputDatepicker.test.js","startTime":1710521381133,"status":"passed","summary":""},{"assertionResults":[{"ancestorTitles":["MdFormSwitch"],"duration":26,"failureDetails":[],"failureMessages":[],"fullName":"MdFormSwitch Given MdFormSwitch when its mount then Switch is shown","invocations":1,"location":null,"numPassingAsserts":2,"retryReasons":[],"status":"passed","title":"Given MdFormSwitch when its mount then Switch is shown"}],"endTime":1710521381658,"message":"","name":"/home/docker/project/react-boilerplate/react-boilerplate-md/src/md/component/form/switch/MdFormSwitch.test.js","startTime":1710521381341,"status":"passed","summary":""},{"assertionResults":[{"ancestorTitles":["MdSnackbar"],"duration":16,"failureDetails":[],"failureMessages":[],"fullName":"MdSnackbar Given MdSnackbar when its mount then Snackbar is shown","invocations":1,"location":null,"numPassingAsserts":1,"retryReasons":[],"status":"passed","title":"Given MdSnackbar when its mount then Snackbar is shown"}],"endTime":1710521381703,"message":"","name":"/home/docker/project/react-boilerplate/react-boilerplate-md/src/md/component/snackbar/MdSnackbar.test.js","startTime":1710521381381,"status":"passed","summary":""},{"assertionResults":[{"ancestorTitles":["I18Utils - translate"],"duration":1,"failureDetails":[],"failureMessages":[],"fullName":"I18Utils - translate Given I18Utils When libelle is find Then show libelle","invocations":1,"location":null,"numPassingAsserts":1,"retryReasons":[],"status":"passed","title":"Given I18Utils When libelle is find Then show libelle"},{"ancestorTitles":["I18Utils - translate"],"duration":0,"failureDetails":[],"failureMessages":[],"fullName":"I18Utils - translate Given I18Utils When libelle is null Then show empty string","invocations":1,"location":null,"numPassingAsserts":1,"retryReasons":[],"status":"passed","title":"Given I18Utils When libelle is null Then show empty string"}],"endTime":1710521381805,"message":"","name":"/home/docker/project/react-boilerplate/react-boilerplate-md/src/utils/i18n/I18nUtils.test.js","startTime":1710521381683,"status":"passed","summary":""},{"assertionResults":[{"ancestorTitles":["i18n"],"duration":2,"failureDetails":[],"failureMessages":[],"fullName":"i18n Given Trans from i18n When component is mount Then he is find in the DOM","invocations":1,"location":null,"numPassingAsserts":1,"retryReasons":[],"status":"passed","title":"Given Trans from i18n When component is mount Then he is find in the DOM"}],"endTime":1710521381853,"message":"","name":"/home/docker/project/react-boilerplate/react-boilerplate-md/src/i18n/i18.test.js","startTime":1710521381715,"status":"passed","summary":""},{"assertionResults":[{"ancestorTitles":["ObjectUtils"],"duration":2,"failureDetails":[],"failureMessages":[],"fullName":"ObjectUtils Given ObjectUtils When getDtoValue Then return value","invocations":1,"location":null,"numPassingAsserts":1,"retryReasons":[],"status":"passed","title":"Given ObjectUtils When getDtoValue Then return value"},{"ancestorTitles":["ObjectUtils"],"duration":1,"failureDetails":[],"failureMessages":[],"fullName":"ObjectUtils Given ObjectUtils When getDtoString Then return value","invocations":1,"location":null,"numPassingAsserts":1,"retryReasons":[],"status":"passed","title":"Given ObjectUtils When getDtoString Then return value"},{"ancestorTitles":["ObjectUtils"],"duration":1,"failureDetails":[],"failureMessages":[],"fullName":"ObjectUtils Given ObjectUtils When compareId Then return true if same","invocations":1,"location":null,"numPassingAsserts":1,"retryReasons":[],"status":"passed","title":"Given ObjectUtils When compareId Then return true if same"},{"ancestorTitles":["ObjectUtils"],"duration":0,"failureDetails":[],"failureMessages":[],"fullName":"ObjectUtils Given ObjectUtils When compareId Then return true if same","invocations":1,"location":null,"numPassingAsserts":1,"retryReasons":[],"status":"passed","title":"Given ObjectUtils When compareId Then return true if same"},{"ancestorTitles":["ObjectUtils"],"duration":1,"failureDetails":[],"failureMessages":[],"fullName":"ObjectUtils Given ObjectUtils When compareId Then return true if same","invocations":1,"location":null,"numPassingAsserts":1,"retryReasons":[],"status":"passed","title":"Given ObjectUtils When compareId Then return true if same"},{"ancestorTitles":["ObjectUtils"],"duration":0,"failureDetails":[],"failureMessages":[],"fullName":"ObjectUtils Given ObjectUtils When addOrReplace on empty list Then return new list with one itm","invocations":1,"location":null,"numPassingAsserts":1,"retryReasons":[],"status":"passed","title":"Given ObjectUtils When addOrReplace on empty list Then return new list with one itm"},{"ancestorTitles":["ObjectUtils"],"duration":1,"failureDetails":[],"failureMessages":[],"fullName":"ObjectUtils Given ObjectUtils When addOrReplace Then return true if same","invocations":1,"location":null,"numPassingAsserts":1,"retryReasons":[],"status":"passed","title":"Given ObjectUtils When addOrReplace Then return true if same"}],"endTime":1710521381946,"message":"","name":"/home/docker/project/react-boilerplate/react-boilerplate-md/src/utils/object/ObjectUtils.test.js","startTime":1710521381824,"status":"passed","summary":""},{"assertionResults":[{"ancestorTitles":["MdToolbar"],"duration":15,"failureDetails":[],"failureMessages":[],"fullName":"MdToolbar Given MdToolbar when its mount then Toolbar is shown","invocations":1,"location":null,"numPassingAsserts":1,"retryReasons":[],"status":"passed","title":"Given MdToolbar when its mount then Toolbar is shown"}],"endTime":1710521381982,"message":"","name":"/home/docker/project/react-boilerplate/react-boilerplate-md/src/md/component/toolbar/MdToolbar.test.js","startTime":1710521381543,"status":"passed","summary":""},{"assertionResults":[{"ancestorTitles":["UUID UTILS - "],"duration":2,"failureDetails":[],"failureMessages":[],"fullName":"UUID UTILS -  Given UuidUtils When createUUID is called Then return an generated uuid","invocations":1,"location":null,"numPassingAsserts":1,"retryReasons":[],"status":"passed","title":"Given UuidUtils When createUUID is called Then return an generated uuid"}],"endTime":1710521381994,"message":"","name":"/home/docker/project/react-boilerplate/react-boilerplate-md/src/utils/uuid/UuidUtils.test.js","startTime":1710521381865,"status":"passed","summary":""},{"assertionResults":[{"ancestorTitles":["ListUtils - convertEnumToList"],"duration":1,"failureDetails":[],"failureMessages":[],"fullName":"ListUtils - convertEnumToList When ListUtils When convert enum to list Then return true","invocations":1,"location":null,"numPassingAsserts":3,"retryReasons":[],"status":"passed","title":"When ListUtils When convert enum to list Then return true"},{"ancestorTitles":["ListUtils - getListeBoolean"],"duration":0,"failureDetails":[],"failureMessages":[],"fullName":"ListUtils - getListeBoolean When ListUtils When getListeBoolean Then return dto for radio input","invocations":1,"location":null,"numPassingAsserts":3,"retryReasons":[],"status":"passed","title":"When ListUtils When getListeBoolean Then return dto for radio input"},{"ancestorTitles":["ListUtils - toSelectData"],"duration":1,"failureDetails":[],"failureMessages":[],"fullName":"ListUtils - toSelectData When ListUtils When toSelectData Then return a ListType","invocations":1,"location":null,"numPassingAsserts":3,"retryReasons":[],"status":"passed","title":"When ListUtils When toSelectData Then return a ListType"}],"endTime":1710521382078,"message":"","name":"/home/docker/project/react-boilerplate/react-boilerplate-md/src/utils/list/ListUtils.test.js","startTime":1710521381959,"status":"passed","summary":""},{"assertionResults":[{"ancestorTitles":["DateUtils - format"],"duration":2,"failureDetails":[],"failureMessages":[],"fullName":"DateUtils - format Given DateUtils When format width a empty date Then the return is weird","invocations":1,"location":null,"numPassingAsserts":2,"retryReasons":[],"status":"passed","title":"Given DateUtils When format width a empty date Then the return is weird"},{"ancestorTitles":["DateUtils - format"],"duration":0,"failureDetails":[],"failureMessages":[],"fullName":"DateUtils - format Given DateUtils When format width a good date Then the date is format correctly","invocations":1,"location":null,"numPassingAsserts":1,"retryReasons":[],"status":"passed","title":"Given DateUtils When format width a good date Then the date is format correctly"},{"ancestorTitles":["DateUtils - format"],"duration":1,"failureDetails":[],"failureMessages":[],"fullName":"DateUtils - format Given DateUtils When showEndDate Then the date is show","invocations":1,"location":null,"numPassingAsserts":1,"retryReasons":[],"status":"passed","title":"Given DateUtils When showEndDate Then the date is show"},{"ancestorTitles":["DateUtils - format"],"duration":0,"failureDetails":[],"failureMessages":[],"fullName":"DateUtils - format Given DateUtils When isDateSupNow Then the date is show","invocations":1,"location":null,"numPassingAsserts":1,"retryReasons":[],"status":"passed","title":"Given DateUtils When isDateSupNow Then the date is show"}],"endTime":1710521382122,"message":"","name":"/home/docker/project/react-boilerplate/react-boilerplate-md/src/utils/date/DateUtils.test.js","startTime":1710521382001,"status":"passed","summary":""}],"wasInterrupted":false,"coverageMap":{"/home/docker/project/react-boilerplate/react-boilerplate-md/src/icon/hook/useIcon.tsx":{"path":"/home/docker/project/react-boilerplate/react-boilerplate-md/src/icon/hook/useIcon.tsx","statementMap":{"0":{"start":{"line":61,"column":21},"end":{"line":107,"column":1}},"1":{"start":{"line":62,"column":42},"end":{"line":62,"column":67}},"2":{"start":{"line":63,"column":43},"end":{"line":63,"column":73}},"3":{"start":{"line":64,"column":45},"end":{"line":64,"column":73}},"4":{"start":{"line":65,"column":45},"end":{"line":65,"column":73}},"5":{"start":{"line":66,"column":47},"end":{"line":66,"column":77}},"6":{"start":{"line":67,"column":47},"end":{"line":67,"column":81}},"7":{"start":{"line":68,"column":44},"end":{"line":68,"column":71}},"8":{"start":{"line":69,"column":46},"end":{"line":69,"column":82}},"9":{"start":{"line":70,"column":45},"end":{"line":70,"column":80}},"10":{"start":{"line":71,"column":43},"end":{"line":71,"column":74}},"11":{"start":{"line":72,"column":44},"end":{"line":72,"column":71}},"12":{"start":{"line":73,"column":45},"end":{"line":73,"column":73}},"13":{"start":{"line":74,"column":43},"end":{"line":74,"column":74}},"14":{"start":{"line":75,"column":45},"end":{"line":75,"column":73}},"15":{"start":{"line":76,"column":47},"end":{"line":76,"column":77}},"16":{"start":{"line":77,"column":48},"end":{"line":77,"column":79}},"17":{"start":{"line":78,"column":45},"end":{"line":78,"column":73}},"18":{"start":{"line":79,"column":44},"end":{"line":79,"column":71}},"19":{"start":{"line":80,"column":42},"end":{"line":80,"column":75}},"20":{"start":{"line":81,"column":43},"end":{"line":81,"column":76}},"21":{"start":{"line":82,"column":43},"end":{"line":82,"column":69}},"22":{"start":{"line":83,"column":43},"end":{"line":83,"column":69}},"23":{"start":{"line":84,"column":44},"end":{"line":84,"column":71}},"24":{"start":{"line":85,"column":43},"end":{"line":85,"column":69}},"25":{"start":{"line":86,"column":43},"end":{"line":86,"column":73}},"26":{"start":{"line":87,"column":44},"end":{"line":87,"column":74}},"27":{"start":{"line":88,"column":45},"end":{"line":88,"column":83}},"28":{"start":{"line":89,"column":48},"end":{"line":89,"column":79}},"29":{"start":{"line":90,"column":43},"end":{"line":90,"column":75}},"30":{"start":{"line":91,"column":44},"end":{"line":91,"column":84}},"31":{"start":{"line":92,"column":43},"end":{"line":92,"column":71}},"32":{"start":{"line":93,"column":46},"end":{"line":93,"column":78}},"33":{"start":{"line":94,"column":43},"end":{"line":94,"column":69}},"34":{"start":{"line":95,"column":44},"end":{"line":95,"column":71}},"35":{"start":{"line":96,"column":47},"end":{"line":96,"column":77}},"36":{"start":{"line":97,"column":46},"end":{"line":97,"column":74}},"37":{"start":{"line":98,"column":47},"end":{"line":98,"column":77}},"38":{"start":{"line":99,"column":43},"end":{"line":99,"column":77}},"39":{"start":{"line":100,"column":51},"end":{"line":100,"column":86}},"40":{"start":{"line":101,"column":44},"end":{"line":101,"column":82}},"41":{"start":{"line":102,"column":43},"end":{"line":102,"column":77}},"42":{"start":{"line":103,"column":43},"end":{"line":103,"column":72}},"43":{"start":{"line":104,"column":48},"end":{"line":104,"column":79}},"44":{"start":{"line":105,"column":43},"end":{"line":105,"column":69}},"45":{"start":{"line":106,"column":44},"end":{"line":106,"column":71}},"46":{"start":{"line":109,"column":23},"end":{"line":155,"column":1}},"47":{"start":{"line":110,"column":18},"end":{"line":123,"column":8}},"48":{"start":{"line":111,"column":33},"end":{"line":111,"column":51}},"49":{"start":{"line":112,"column":4},"end":{"line":114,"column":5}},"50":{"start":{"line":113,"column":6},"end":{"line":113,"column":27}},"51":{"start":{"line":115,"column":20},"end":{"line":115,"column":29}},"52":{"start":{"line":116,"column":4},"end":{"line":121,"column":7}},"53":{"start":{"line":117,"column":6},"end":{"line":120,"column":7}},"54":{"start":{"line":118,"column":8},"end":{"line":118,"column":40}},"55":{"start":{"line":119,"column":8},"end":{"line":119,"column":15}},"56":{"start":{"line":122,"column":4},"end":{"line":122,"column":21}},"57":{"start":{"line":125,"column":25},"end":{"line":152,"column":8}},"58":{"start":{"line":126,"column":20},"end":{"line":144,"column":5}},"59":{"start":{"line":146,"column":4},"end":{"line":151,"column":9}},"60":{"start":{"line":147,"column":22},"end":{"line":147,"column":46}},"61":{"start":{"line":148,"column":24},"end":{"line":148,"column":50}},"62":{"start":{"line":150,"column":8},"end":{"line":150,"column":52}},"63":{"start":{"line":154,"column":2},"end":{"line":154,"column":37}}},"fnMap":{"0":{"name":"(anonymous_0)","decl":{"start":{"line":62,"column":16},"end":{"line":62,"column":17}},"loc":{"start":{"line":62,"column":42},"end":{"line":62,"column":67}},"line":62},"1":{"name":"(anonymous_1)","decl":{"start":{"line":63,"column":17},"end":{"line":63,"column":18}},"loc":{"start":{"line":63,"column":43},"end":{"line":63,"column":73}},"line":63},"2":{"name":"(anonymous_2)","decl":{"start":{"line":64,"column":19},"end":{"line":64,"column":20}},"loc":{"start":{"line":64,"column":45},"end":{"line":64,"column":73}},"line":64},"3":{"name":"(anonymous_3)","decl":{"start":{"line":65,"column":19},"end":{"line":65,"column":20}},"loc":{"start":{"line":65,"column":45},"end":{"line":65,"column":73}},"line":65},"4":{"name":"(anonymous_4)","decl":{"start":{"line":66,"column":21},"end":{"line":66,"column":22}},"loc":{"start":{"line":66,"column":47},"end":{"line":66,"column":77}},"line":66},"5":{"name":"(anonymous_5)","decl":{"start":{"line":67,"column":21},"end":{"line":67,"column":22}},"loc":{"start":{"line":67,"column":47},"end":{"line":67,"column":81}},"line":67},"6":{"name":"(anonymous_6)","decl":{"start":{"line":68,"column":18},"end":{"line":68,"column":19}},"loc":{"start":{"line":68,"column":44},"end":{"line":68,"column":71}},"line":68},"7":{"name":"(anonymous_7)","decl":{"start":{"line":69,"column":20},"end":{"line":69,"column":21}},"loc":{"start":{"line":69,"column":46},"end":{"line":69,"column":82}},"line":69},"8":{"name":"(anonymous_8)","decl":{"start":{"line":70,"column":19},"end":{"line":70,"column":20}},"loc":{"start":{"line":70,"column":45},"end":{"line":70,"column":80}},"line":70},"9":{"name":"(anonymous_9)","decl":{"start":{"line":71,"column":17},"end":{"line":71,"column":18}},"loc":{"start":{"line":71,"column":43},"end":{"line":71,"column":74}},"line":71},"10":{"name":"(anonymous_10)","decl":{"start":{"line":72,"column":18},"end":{"line":72,"column":19}},"loc":{"start":{"line":72,"column":44},"end":{"line":72,"column":71}},"line":72},"11":{"name":"(anonymous_11)","decl":{"start":{"line":73,"column":19},"end":{"line":73,"column":20}},"loc":{"start":{"line":73,"column":45},"end":{"line":73,"column":73}},"line":73},"12":{"name":"(anonymous_12)","decl":{"start":{"line":74,"column":17},"end":{"line":74,"column":18}},"loc":{"start":{"line":74,"column":43},"end":{"line":74,"column":74}},"line":74},"13":{"name":"(anonymous_13)","decl":{"start":{"line":75,"column":19},"end":{"line":75,"column":20}},"loc":{"start":{"line":75,"column":45},"end":{"line":75,"column":73}},"line":75},"14":{"name":"(anonymous_14)","decl":{"start":{"line":76,"column":21},"end":{"line":76,"column":22}},"loc":{"start":{"line":76,"column":47},"end":{"line":76,"column":77}},"line":76},"15":{"name":"(anonymous_15)","decl":{"start":{"line":77,"column":22},"end":{"line":77,"column":23}},"loc":{"start":{"line":77,"column":48},"end":{"line":77,"column":79}},"line":77},"16":{"name":"(anonymous_16)","decl":{"start":{"line":78,"column":19},"end":{"line":78,"column":20}},"loc":{"start":{"line":78,"column":45},"end":{"line":78,"column":73}},"line":78},"17":{"name":"(anonymous_17)","decl":{"start":{"line":79,"column":18},"end":{"line":79,"column":19}},"loc":{"start":{"line":79,"column":44},"end":{"line":79,"column":71}},"line":79},"18":{"name":"(anonymous_18)","decl":{"start":{"line":80,"column":16},"end":{"line":80,"column":17}},"loc":{"start":{"line":80,"column":42},"end":{"line":80,"column":75}},"line":80},"19":{"name":"(anonymous_19)","decl":{"start":{"line":81,"column":17},"end":{"line":81,"column":18}},"loc":{"start":{"line":81,"column":43},"end":{"line":81,"column":76}},"line":81},"20":{"name":"(anonymous_20)","decl":{"start":{"line":82,"column":17},"end":{"line":82,"column":18}},"loc":{"start":{"line":82,"column":43},"end":{"line":82,"column":69}},"line":82},"21":{"name":"(anonymous_21)","decl":{"start":{"line":83,"column":17},"end":{"line":83,"column":18}},"loc":{"start":{"line":83,"column":43},"end":{"line":83,"column":69}},"line":83},"22":{"name":"(anonymous_22)","decl":{"start":{"line":84,"column":18},"end":{"line":84,"column":19}},"loc":{"start":{"line":84,"column":44},"end":{"line":84,"column":71}},"line":84},"23":{"name":"(anonymous_23)","decl":{"start":{"line":85,"column":17},"end":{"line":85,"column":18}},"loc":{"start":{"line":85,"column":43},"end":{"line":85,"column":69}},"line":85},"24":{"name":"(anonymous_24)","decl":{"start":{"line":86,"column":17},"end":{"line":86,"column":18}},"loc":{"start":{"line":86,"column":43},"end":{"line":86,"column":73}},"line":86},"25":{"name":"(anonymous_25)","decl":{"start":{"line":87,"column":18},"end":{"line":87,"column":19}},"loc":{"start":{"line":87,"column":44},"end":{"line":87,"column":74}},"line":87},"26":{"name":"(anonymous_26)","decl":{"start":{"line":88,"column":19},"end":{"line":88,"column":20}},"loc":{"start":{"line":88,"column":45},"end":{"line":88,"column":83}},"line":88},"27":{"name":"(anonymous_27)","decl":{"start":{"line":89,"column":22},"end":{"line":89,"column":23}},"loc":{"start":{"line":89,"column":48},"end":{"line":89,"column":79}},"line":89},"28":{"name":"(anonymous_28)","decl":{"start":{"line":90,"column":17},"end":{"line":90,"column":18}},"loc":{"start":{"line":90,"column":43},"end":{"line":90,"column":75}},"line":90},"29":{"name":"(anonymous_29)","decl":{"start":{"line":91,"column":18},"end":{"line":91,"column":19}},"loc":{"start":{"line":91,"column":44},"end":{"line":91,"column":84}},"line":91},"30":{"name":"(anonymous_30)","decl":{"start":{"line":92,"column":17},"end":{"line":92,"column":18}},"loc":{"start":{"line":92,"column":43},"end":{"line":92,"column":71}},"line":92},"31":{"name":"(anonymous_31)","decl":{"start":{"line":93,"column":20},"end":{"line":93,"column":21}},"loc":{"start":{"line":93,"column":46},"end":{"line":93,"column":78}},"line":93},"32":{"name":"(anonymous_32)","decl":{"start":{"line":94,"column":17},"end":{"line":94,"column":18}},"loc":{"start":{"line":94,"column":43},"end":{"line":94,"column":69}},"line":94},"33":{"name":"(anonymous_33)","decl":{"start":{"line":95,"column":18},"end":{"line":95,"column":19}},"loc":{"start":{"line":95,"column":44},"end":{"line":95,"column":71}},"line":95},"34":{"name":"(anonymous_34)","decl":{"start":{"line":96,"column":21},"end":{"line":96,"column":22}},"loc":{"start":{"line":96,"column":47},"end":{"line":96,"column":77}},"line":96},"35":{"name":"(anonymous_35)","decl":{"start":{"line":97,"column":20},"end":{"line":97,"column":21}},"loc":{"start":{"line":97,"column":46},"end":{"line":97,"column":74}},"line":97},"36":{"name":"(anonymous_36)","decl":{"start":{"line":98,"column":21},"end":{"line":98,"column":22}},"loc":{"start":{"line":98,"column":47},"end":{"line":98,"column":77}},"line":98},"37":{"name":"(anonymous_37)","decl":{"start":{"line":99,"column":17},"end":{"line":99,"column":18}},"loc":{"start":{"line":99,"column":43},"end":{"line":99,"column":77}},"line":99},"38":{"name":"(anonymous_38)","decl":{"start":{"line":100,"column":25},"end":{"line":100,"column":26}},"loc":{"start":{"line":100,"column":51},"end":{"line":100,"column":86}},"line":100},"39":{"name":"(anonymous_39)","decl":{"start":{"line":101,"column":18},"end":{"line":101,"column":19}},"loc":{"start":{"line":101,"column":44},"end":{"line":101,"column":82}},"line":101},"40":{"name":"(anonymous_40)","decl":{"start":{"line":102,"column":17},"end":{"line":102,"column":18}},"loc":{"start":{"line":102,"column":43},"end":{"line":102,"column":77}},"line":102},"41":{"name":"(anonymous_41)","decl":{"start":{"line":103,"column":17},"end":{"line":103,"column":18}},"loc":{"start":{"line":103,"column":43},"end":{"line":103,"column":72}},"line":103},"42":{"name":"(anonymous_42)","decl":{"start":{"line":104,"column":22},"end":{"line":104,"column":23}},"loc":{"start":{"line":104,"column":48},"end":{"line":104,"column":79}},"line":104},"43":{"name":"(anonymous_43)","decl":{"start":{"line":105,"column":17},"end":{"line":105,"column":18}},"loc":{"start":{"line":105,"column":43},"end":{"line":105,"column":69}},"line":105},"44":{"name":"(anonymous_44)","decl":{"start":{"line":106,"column":18},"end":{"line":106,"column":19}},"loc":{"start":{"line":106,"column":44},"end":{"line":106,"column":71}},"line":106},"45":{"name":"(anonymous_45)","decl":{"start":{"line":109,"column":23},"end":{"line":109,"column":24}},"loc":{"start":{"line":109,"column":29},"end":{"line":155,"column":1}},"line":109},"46":{"name":"(anonymous_46)","decl":{"start":{"line":110,"column":30},"end":{"line":110,"column":31}},"loc":{"start":{"line":110,"column":92},"end":{"line":123,"column":3}},"line":110},"47":{"name":"(anonymous_47)","decl":{"start":{"line":116,"column":34},"end":{"line":116,"column":35}},"loc":{"start":{"line":116,"column":51},"end":{"line":121,"column":5}},"line":116},"48":{"name":"(anonymous_48)","decl":{"start":{"line":125,"column":37},"end":{"line":125,"column":38}},"loc":{"start":{"line":125,"column":55},"end":{"line":152,"column":3}},"line":125},"49":{"name":"(anonymous_49)","decl":{"start":{"line":147,"column":12},"end":{"line":147,"column":13}},"loc":{"start":{"line":147,"column":22},"end":{"line":147,"column":46}},"line":147},"50":{"name":"(anonymous_50)","decl":{"start":{"line":148,"column":14},"end":{"line":148,"column":15}},"loc":{"start":{"line":148,"column":24},"end":{"line":148,"column":50}},"line":148},"51":{"name":"(anonymous_51)","decl":{"start":{"line":149,"column":11},"end":{"line":149,"column":12}},"loc":{"start":{"line":149,"column":22},"end":{"line":151,"column":7}},"line":149}},"branchMap":{"0":{"loc":{"start":{"line":111,"column":33},"end":{"line":111,"column":51}},"type":"binary-expr","locations":[{"start":{"line":111,"column":33},"end":{"line":111,"column":38}},{"start":{"line":111,"column":42},"end":{"line":111,"column":51}}],"line":111},"1":{"loc":{"start":{"line":112,"column":4},"end":{"line":114,"column":5}},"type":"if","locations":[{"start":{"line":112,"column":4},"end":{"line":114,"column":5}},{"start":{},"end":{}}],"line":112},"2":{"loc":{"start":{"line":117,"column":6},"end":{"line":120,"column":7}},"type":"if","locations":[{"start":{"line":117,"column":6},"end":{"line":120,"column":7}},{"start":{},"end":{}}],"line":117}},"s":{"0":9,"1":1,"2":3,"3":2,"4":1,"5":1,"6":1,"7":1,"8":1,"9":1,"10":1,"11":1,"12":1,"13":1,"14":1,"15":1,"16":1,"17":1,"18":2,"19":1,"20":1,"21":1,"22":1,"23":1,"24":1,"25":1,"26":1,"27":1,"28":1,"29":1,"30":1,"31":1,"32":1,"33":1,"34":1,"35":1,"36":1,"37":1,"38":1,"39":1,"40":1,"41":1,"42":1,"43":1,"44":1,"45":1,"46":9,"47":14,"48":61,"49":61,"50":0,"51":61,"52":61,"53":2745,"54":49,"55":49,"56":61,"57":14,"58":0,"59":0,"60":0,"61":0,"62":0,"63":14},"f":{"0":1,"1":3,"2":2,"3":1,"4":1,"5":1,"6":1,"7":1,"8":1,"9":1,"10":1,"11":1,"12":1,"13":1,"14":1,"15":1,"16":1,"17":2,"18":1,"19":1,"20":1,"21":1,"22":1,"23":1,"24":1,"25":1,"26":1,"27":1,"28":1,"29":1,"30":1,"31":1,"32":1,"33":1,"34":1,"35":1,"36":1,"37":1,"38":1,"39":1,"40":1,"41":1,"42":1,"43":1,"44":1,"45":14,"46":61,"47":2745,"48":0,"49":0,"50":0,"51":0},"b":{"0":[61,56],"1":[0,61],"2":[49,2696]},"_coverageSchema":"1a1c01bbd47fc00a2c39e90264f33305004495a9","hash":"92216afb491ae3c89a786858a28d11c1ee3ed751"},"/home/docker/project/react-boilerplate/react-boilerplate-md/src/icon/component/IconClickable.tsx":{"path":"/home/docker/project/react-boilerplate/react-boilerplate-md/src/icon/component/IconClickable.tsx","statementMap":{"0":{"start":{"line":12,"column":53},"end":{"line":29,"column":1}},"1":{"start":{"line":13,"column":22},"end":{"line":13,"column":31}},"2":{"start":{"line":15,"column":26},"end":{"line":22,"column":3}},"3":{"start":{"line":17,"column":6},"end":{"line":17,"column":30}},"4":{"start":{"line":18,"column":6},"end":{"line":18,"column":29}},"5":{"start":{"line":19,"column":6},"end":{"line":19,"column":19}},"6":{"start":{"line":24,"column":2},"end":{"line":28,"column":4}}},"fnMap":{"0":{"name":"(anonymous_0)","decl":{"start":{"line":12,"column":53},"end":{"line":12,"column":54}},"loc":{"start":{"line":12,"column":94},"end":{"line":29,"column":1}},"line":12},"1":{"name":"(anonymous_1)","decl":{"start":{"line":16,"column":4},"end":{"line":16,"column":5}},"loc":{"start":{"line":16,"column":71},"end":{"line":20,"column":5}},"line":16}},"branchMap":{},"s":{"0":6,"1":4,"2":4,"3":1,"4":1,"5":1,"6":4},"f":{"0":4,"1":1},"b":{},"_coverageSchema":"1a1c01bbd47fc00a2c39e90264f33305004495a9","hash":"e6441ab53b7bea34072d3ade63e36225dac8e440"},"/home/docker/project/react-boilerplate/react-boilerplate-md/src/translate/hook/useAppTranslate.tsx":{"path":"/home/docker/project/react-boilerplate/react-boilerplate-md/src/translate/hook/useAppTranslate.tsx","statementMap":{"0":{"start":{"line":5,"column":31},"end":{"line":9,"column":1}},"1":{"start":{"line":6,"column":16},"end":{"line":6,"column":32}},"2":{"start":{"line":8,"column":2},"end":{"line":8,"column":64}}},"fnMap":{"0":{"name":"(anonymous_0)","decl":{"start":{"line":5,"column":31},"end":{"line":5,"column":32}},"loc":{"start":{"line":5,"column":37},"end":{"line":9,"column":1}},"line":5}},"branchMap":{},"s":{"0":19,"1":33,"2":33},"f":{"0":33},"b":{},"_coverageSchema":"1a1c01bbd47fc00a2c39e90264f33305004495a9","hash":"390f7243c3550d7c67630f5123a21e261fef78d9"},"/home/docker/project/react-boilerplate/react-boilerplate-md/src/utils/date/DateUtils.ts":{"path":"/home/docker/project/react-boilerplate/react-boilerplate-md/src/utils/date/DateUtils.ts","statementMap":{"0":{"start":{"line":1,"column":15},"end":{"line":14,"column":1}},"1":{"start":{"line":16,"column":25},"end":{"line":58,"column":1}},"2":{"start":{"line":18,"column":21},"end":{"line":18,"column":23}},"3":{"start":{"line":19,"column":4},"end":{"line":35,"column":5}},"4":{"start":{"line":20,"column":27},"end":{"line":20,"column":71}},"5":{"start":{"line":21,"column":28},"end":{"line":21,"column":72}},"6":{"start":{"line":22,"column":26},"end":{"line":22,"column":72}},"7":{"start":{"line":23,"column":27},"end":{"line":23,"column":74}},"8":{"start":{"line":24,"column":29},"end":{"line":24,"column":76}},"9":{"start":{"line":25,"column":29},"end":{"line":25,"column":76}},"10":{"start":{"line":27,"column":6},"end":{"line":27,"column":26}},"11":{"start":{"line":28,"column":6},"end":{"line":28,"column":52}},"12":{"start":{"line":29,"column":6},"end":{"line":29,"column":74}},"13":{"start":{"line":30,"column":6},"end":{"line":30,"column":51}},"14":{"start":{"line":31,"column":6},"end":{"line":31,"column":49}},"15":{"start":{"line":32,"column":6},"end":{"line":32,"column":50}},"16":{"start":{"line":33,"column":6},"end":{"line":33,"column":52}},"17":{"start":{"line":34,"column":6},"end":{"line":34,"column":52}},"18":{"start":{"line":37,"column":4},"end":{"line":37,"column":22}},"19":{"start":{"line":41,"column":22},"end":{"line":41,"column":48}},"20":{"start":{"line":42,"column":24},"end":{"line":42,"column":34}},"21":{"start":{"line":43,"column":25},"end":{"line":43,"column":68}},"22":{"start":{"line":46,"column":17},"end":{"line":46,"column":65}},"23":{"start":{"line":47,"column":18},"end":{"line":47,"column":87}},"24":{"start":{"line":48,"column":20},"end":{"line":48,"column":79}},"25":{"start":{"line":49,"column":4},"end":{"line":49,"column":36}},"26":{"start":{"line":53,"column":22},"end":{"line":53,"column":48}},"27":{"start":{"line":54,"column":24},"end":{"line":54,"column":34}},"28":{"start":{"line":55,"column":25},"end":{"line":55,"column":68}},"29":{"start":{"line":56,"column":4},"end":{"line":56,"column":28}}},"fnMap":{"0":{"name":"(anonymous_0)","decl":{"start":{"line":17,"column":2},"end":{"line":17,"column":3}},"loc":{"start":{"line":17,"column":67},"end":{"line":38,"column":3}},"line":17},"1":{"name":"(anonymous_1)","decl":{"start":{"line":40,"column":2},"end":{"line":40,"column":3}},"loc":{"start":{"line":40,"column":34},"end":{"line":50,"column":3}},"line":40},"2":{"name":"(anonymous_2)","decl":{"start":{"line":52,"column":2},"end":{"line":52,"column":3}},"loc":{"start":{"line":52,"column":36},"end":{"line":57,"column":3}},"line":52}},"branchMap":{"0":{"loc":{"start":{"line":17,"column":24},"end":{"line":17,"column":65}},"type":"default-arg","locations":[{"start":{"line":17,"column":41},"end":{"line":17,"column":65}}],"line":17},"1":{"loc":{"start":{"line":19,"column":4},"end":{"line":35,"column":5}},"type":"if","locations":[{"start":{"line":19,"column":4},"end":{"line":35,"column":5}},{"start":{},"end":{}}],"line":19},"2":{"loc":{"start":{"line":19,"column":8},"end":{"line":19,"column":34}},"type":"binary-expr","locations":[{"start":{"line":19,"column":8},"end":{"line":19,"column":12}},{"start":{"line":19,"column":16},"end":{"line":19,"column":34}}],"line":19},"3":{"loc":{"start":{"line":20,"column":27},"end":{"line":20,"column":71}},"type":"cond-expr","locations":[{"start":{"line":20,"column":46},"end":{"line":20,"column":66}},{"start":{"line":20,"column":69},"end":{"line":20,"column":71}}],"line":20},"4":{"loc":{"start":{"line":21,"column":28},"end":{"line":21,"column":72}},"type":"cond-expr","locations":[{"start":{"line":21,"column":47},"end":{"line":21,"column":67}},{"start":{"line":21,"column":70},"end":{"line":21,"column":72}}],"line":21},"5":{"loc":{"start":{"line":22,"column":26},"end":{"line":22,"column":72}},"type":"cond-expr","locations":[{"start":{"line":22,"column":46},"end":{"line":22,"column":67}},{"start":{"line":22,"column":70},"end":{"line":22,"column":72}}],"line":22},"6":{"loc":{"start":{"line":23,"column":27},"end":{"line":23,"column":74}},"type":"cond-expr","locations":[{"start":{"line":23,"column":47},"end":{"line":23,"column":69}},{"start":{"line":23,"column":72},"end":{"line":23,"column":74}}],"line":23},"7":{"loc":{"start":{"line":24,"column":29},"end":{"line":24,"column":76}},"type":"cond-expr","locations":[{"start":{"line":24,"column":49},"end":{"line":24,"column":71}},{"start":{"line":24,"column":74},"end":{"line":24,"column":76}}],"line":24},"8":{"loc":{"start":{"line":25,"column":29},"end":{"line":25,"column":76}},"type":"cond-expr","locations":[{"start":{"line":25,"column":49},"end":{"line":25,"column":71}},{"start":{"line":25,"column":74},"end":{"line":25,"column":76}}],"line":25},"9":{"loc":{"start":{"line":41,"column":31},"end":{"line":41,"column":47}},"type":"binary-expr","locations":[{"start":{"line":41,"column":31},"end":{"line":41,"column":41}},{"start":{"line":41,"column":45},"end":{"line":41,"column":47}}],"line":41},"10":{"loc":{"start":{"line":53,"column":31},"end":{"line":53,"column":47}},"type":"binary-expr","locations":[{"start":{"line":53,"column":31},"end":{"line":53,"column":41}},{"start":{"line":53,"column":45},"end":{"line":53,"column":47}}],"line":53}},"s":{"0":9,"1":9,"2":5,"3":5,"4":1,"5":1,"6":1,"7":1,"8":1,"9":1,"10":1,"11":1,"12":1,"13":1,"14":1,"15":1,"16":1,"17":1,"18":5,"19":1,"20":1,"21":1,"22":1,"23":1,"24":1,"25":1,"26":1,"27":1,"28":1,"29":1},"f":{"0":5,"1":1,"2":1},"b":{"0":[0],"1":[1,4],"2":[5,3],"3":[1,0],"4":[1,0],"5":[1,0],"6":[1,0],"7":[1,0],"8":[1,0],"9":[1,0],"10":[1,0]},"_coverageSchema":"1a1c01bbd47fc00a2c39e90264f33305004495a9","hash":"4f1387910ad14f3b09f2db36008085f39666d5ff"},"/home/docker/project/react-boilerplate/react-boilerplate-md/src/utils/i18n/I18nUtils.ts":{"path":"/home/docker/project/react-boilerplate/react-boilerplate-md/src/utils/i18n/I18nUtils.ts","statementMap":{"0":{"start":{"line":6,"column":25},"end":{"line":10,"column":1}},"1":{"start":{"line":8,"column":4},"end":{"line":8,"column":66}}},"fnMap":{"0":{"name":"(anonymous_0)","decl":{"start":{"line":7,"column":2},"end":{"line":7,"column":3}},"loc":{"start":{"line":7,"column":83},"end":{"line":9,"column":3}},"line":7}},"branchMap":{"0":{"loc":{"start":{"line":8,"column":11},"end":{"line":8,"column":65}},"type":"binary-expr","locations":[{"start":{"line":8,"column":12},"end":{"line":8,"column":58}},{"start":{"line":8,"column":63},"end":{"line":8,"column":65}}],"line":8},"1":{"loc":{"start":{"line":8,"column":12},"end":{"line":8,"column":58}},"type":"cond-expr","locations":[{"start":{"line":8,"column":19},"end":{"line":8,"column":45}},{"start":{"line":8,"column":48},"end":{"line":8,"column":58}}],"line":8}},"s":{"0":8,"1":15},"f":{"0":15},"b":{"0":[15,5],"1":[0,15]},"_coverageSchema":"1a1c01bbd47fc00a2c39e90264f33305004495a9","hash":"a5a53fc801fa3b5b672d25821992418dac3db1bc"},"/home/docker/project/react-boilerplate/react-boilerplate-md/src/utils/window/WindowUtils.ts":{"path":"/home/docker/project/react-boilerplate/react-boilerplate-md/src/utils/window/WindowUtils.ts","statementMap":{"0":{"start":{"line":3,"column":27},"end":{"line":7,"column":1}},"1":{"start":{"line":5,"column":4},"end":{"line":5,"column":118}}},"fnMap":{"0":{"name":"(anonymous_0)","decl":{"start":{"line":4,"column":10},"end":{"line":4,"column":11}},"loc":{"start":{"line":4,"column":41},"end":{"line":6,"column":3}},"line":4}},"branchMap":{"0":{"loc":{"start":{"line":5,"column":11},"end":{"line":5,"column":117}},"type":"binary-expr","locations":[{"start":{"line":5,"column":12},"end":{"line":5,"column":101}},{"start":{"line":5,"column":106},"end":{"line":5,"column":117}}],"line":5}},"s":{"0":6,"1":2},"f":{"0":2},"b":{"0":[2,0]},"_coverageSchema":"1a1c01bbd47fc00a2c39e90264f33305004495a9","hash":"eada9be7ca2b268962546eb553af028c69cd7a6d"},"/home/docker/project/react-boilerplate/react-boilerplate-md/src/utils/uuid/UuidUtils.ts":{"path":"/home/docker/project/react-boilerplate/react-boilerplate-md/src/utils/uuid/UuidUtils.ts","statementMap":{"0":{"start":{"line":3,"column":25},"end":{"line":7,"column":1}},"1":{"start":{"line":5,"column":4},"end":{"line":5,"column":20}}},"fnMap":{"0":{"name":"(anonymous_0)","decl":{"start":{"line":4,"column":14},"end":{"line":4,"column":15}},"loc":{"start":{"line":4,"column":28},"end":{"line":6,"column":3}},"line":4}},"branchMap":{},"s":{"0":10,"1":16},"f":{"0":16},"b":{},"_coverageSchema":"1a1c01bbd47fc00a2c39e90264f33305004495a9","hash":"9af980ff23c5bfd4c21c0f173aab33fbb7100ef0"},"/home/docker/project/react-boilerplate/react-boilerplate-md/src/md/hook/useId.tsx":{"path":"/home/docker/project/react-boilerplate/react-boilerplate-md/src/md/hook/useId.tsx","statementMap":{"0":{"start":{"line":4,"column":21},"end":{"line":12,"column":1}},"1":{"start":{"line":5,"column":22},"end":{"line":5,"column":42}},"2":{"start":{"line":7,"column":2},"end":{"line":9,"column":14}},"3":{"start":{"line":8,"column":4},"end":{"line":8,"column":43}},"4":{"start":{"line":11,"column":2},"end":{"line":11,"column":16}}},"fnMap":{"0":{"name":"(anonymous_0)","decl":{"start":{"line":4,"column":21},"end":{"line":4,"column":22}},"loc":{"start":{"line":4,"column":41},"end":{"line":12,"column":1}},"line":4},"1":{"name":"(anonymous_1)","decl":{"start":{"line":7,"column":12},"end":{"line":7,"column":13}},"loc":{"start":{"line":7,"column":18},"end":{"line":9,"column":3}},"line":7}},"branchMap":{"0":{"loc":{"start":{"line":8,"column":10},"end":{"line":8,"column":41}},"type":"binary-expr","locations":[{"start":{"line":8,"column":10},"end":{"line":8,"column":15}},{"start":{"line":8,"column":19},"end":{"line":8,"column":41}}],"line":8}},"s":{"0":5,"1":10,"2":10,"3":5,"4":10},"f":{"0":10,"1":5},"b":{"0":[5,4]},"_coverageSchema":"1a1c01bbd47fc00a2c39e90264f33305004495a9","hash":"37e4f8e2b89c889765a08b733d6d81bd6e9a167e"},"/home/docker/project/react-boilerplate/react-boilerplate-md/src/md/component/card/MdCard.tsx":{"path":"/home/docker/project/react-boilerplate/react-boilerplate-md/src/md/component/card/MdCard.tsx","statementMap":{"0":{"start":{"line":36,"column":16},"end":{"line":36,"column":55}},"1":{"start":{"line":38,"column":39},"end":{"line":104,"column":1}},"2":{"start":{"line":53,"column":23},"end":{"line":53,"column":40}},"3":{"start":{"line":54,"column":23},"end":{"line":54,"column":37}},"4":{"start":{"line":55,"column":17},"end":{"line":55,"column":41}},"5":{"start":{"line":56,"column":22},"end":{"line":56,"column":31}},"6":{"start":{"line":58,"column":22},"end":{"line":63,"column":3}},"7":{"start":{"line":59,"column":28},"end":{"line":61,"column":5}},"8":{"start":{"line":60,"column":6},"end":{"line":60,"column":39}},"9":{"start":{"line":65,"column":2},"end":{"line":103,"column":4}}},"fnMap":{"0":{"name":"(anonymous_0)","decl":{"start":{"line":38,"column":39},"end":{"line":38,"column":40}},"loc":{"start":{"line":52,"column":6},"end":{"line":104,"column":1}},"line":52},"1":{"name":"(anonymous_1)","decl":{"start":{"line":59,"column":4},"end":{"line":59,"column":5}},"loc":{"start":{"line":59,"column":28},"end":{"line":61,"column":5}},"line":59},"2":{"name":"(anonymous_2)","decl":{"start":{"line":59,"column":28},"end":{"line":59,"column":29}},"loc":{"start":{"line":59,"column":34},"end":{"line":61,"column":5}},"line":59}},"branchMap":{"0":{"loc":{"start":{"line":39,"column":2},"end":{"line":39,"column":21}},"type":"default-arg","locations":[{"start":{"line":39,"column":10},"end":{"line":39,"column":21}}],"line":39},"1":{"loc":{"start":{"line":42,"column":2},"end":{"line":42,"column":21}},"type":"default-arg","locations":[{"start":{"line":42,"column":17},"end":{"line":42,"column":21}}],"line":42},"2":{"loc":{"start":{"line":60,"column":6},"end":{"line":60,"column":38}},"type":"binary-expr","locations":[{"start":{"line":60,"column":6},"end":{"line":60,"column":15}},{"start":{"line":60,"column":19},"end":{"line":60,"column":38}}],"line":60},"3":{"loc":{"start":{"line":67,"column":7},"end":{"line":71,"column":7}},"type":"binary-expr","locations":[{"start":{"line":67,"column":7},"end":{"line":67,"column":12}},{"start":{"line":68,"column":8},"end":{"line":70,"column":20}}],"line":67},"4":{"loc":{"start":{"line":72,"column":7},"end":{"line":99,"column":7}},"type":"binary-expr","locations":[{"start":{"line":72,"column":7},"end":{"line":72,"column":12}},{"start":{"line":73,"column":8},"end":{"line":98,"column":10}}],"line":72},"5":{"loc":{"start":{"line":76,"column":12},"end":{"line":78,"column":13}},"type":"binary-expr","locations":[{"start":{"line":76,"column":12},"end":{"line":76,"column":18}},{"start":{"line":77,"column":14},"end":{"line":77,"column":120}}],"line":76},"6":{"loc":{"start":{"line":82,"column":15},"end":{"line":82,"column":111}},"type":"binary-expr","locations":[{"start":{"line":82,"column":15},"end":{"line":82,"column":24}},{"start":{"line":82,"column":28},"end":{"line":82,"column":111}}],"line":82},"7":{"loc":{"start":{"line":83,"column":15},"end":{"line":83,"column":50}},"type":"binary-expr","locations":[{"start":{"line":83,"column":15},"end":{"line":83,"column":27}},{"start":{"line":83,"column":31},"end":{"line":83,"column":50}}],"line":83},"8":{"loc":{"start":{"line":88,"column":15},"end":{"line":88,"column":102}},"type":"binary-expr","locations":[{"start":{"line":88,"column":15},"end":{"line":88,"column":27}},{"start":{"line":88,"column":31},"end":{"line":88,"column":102}}],"line":88},"9":{"loc":{"start":{"line":89,"column":15},"end":{"line":89,"column":56}},"type":"binary-expr","locations":[{"start":{"line":89,"column":15},"end":{"line":89,"column":19}},{"start":{"line":89,"column":23},"end":{"line":89,"column":56}}],"line":89},"10":{"loc":{"start":{"line":92,"column":17},"end":{"line":92,"column":65}},"type":"binary-expr","locations":[{"start":{"line":92,"column":17},"end":{"line":92,"column":41}},{"start":{"line":92,"column":45},"end":{"line":92,"column":65}}],"line":92},"11":{"loc":{"start":{"line":97,"column":21},"end":{"line":97,"column":81}},"type":"cond-expr","locations":[{"start":{"line":97,"column":28},"end":{"line":97,"column":76}},{"start":{"line":97,"column":79},"end":{"line":97,"column":81}}],"line":97},"12":{"loc":{"start":{"line":100,"column":7},"end":{"line":100,"column":66}},"type":"binary-expr","locations":[{"start":{"line":100,"column":7},"end":{"line":100,"column":20}},{"start":{"line":100,"column":24},"end":{"line":100,"column":66}}],"line":100},"13":{"loc":{"start":{"line":101,"column":7},"end":{"line":101,"column":102}},"type":"binary-expr","locations":[{"start":{"line":101,"column":7},"end":{"line":101,"column":26}},{"start":{"line":101,"column":30},"end":{"line":101,"column":102}}],"line":101}},"s":{"0":1,"1":1,"2":2,"3":2,"4":2,"5":2,"6":2,"7":6,"8":1,"9":2},"f":{"0":2,"1":6,"2":1},"b":{"0":[2],"1":[2],"2":[1,1],"3":[2,2],"4":[2,2],"5":[2,2],"6":[2,2],"7":[2,0],"8":[2,2],"9":[2,2],"10":[2,0],"11":[2,0],"12":[2,0],"13":[2,2]},"_coverageSchema":"1a1c01bbd47fc00a2c39e90264f33305004495a9","hash":"6d00c016053d1f800d9a2fbef852e2aead2417e4"},"/home/docker/project/react-boilerplate/react-boilerplate-md/src/md/component/button/MdButton.tsx":{"path":"/home/docker/project/react-boilerplate/react-boilerplate-md/src/md/component/button/MdButton.tsx","statementMap":{"0":{"start":{"line":45,"column":43},"end":{"line":93,"column":1}},"1":{"start":{"line":46,"column":23},"end":{"line":46,"column":37}},"2":{"start":{"line":47,"column":20},"end":{"line":47,"column":37}},"3":{"start":{"line":48,"column":22},"end":{"line":48,"column":31}},"4":{"start":{"line":49,"column":26},"end":{"line":49,"column":111}},"5":{"start":{"line":51,"column":2},"end":{"line":53,"column":61}},"6":{"start":{"line":52,"column":4},"end":{"line":52,"column":66}},"7":{"start":{"line":55,"column":18},"end":{"line":68,"column":3}},"8":{"start":{"line":56,"column":31},"end":{"line":66,"column":5}},"9":{"start":{"line":57,"column":6},"end":{"line":65,"column":7}},"10":{"start":{"line":58,"column":8},"end":{"line":58,"column":32}},"11":{"start":{"line":59,"column":8},"end":{"line":59,"column":31}},"12":{"start":{"line":60,"column":8},"end":{"line":64,"column":9}},"13":{"start":{"line":61,"column":10},"end":{"line":61,"column":21}},"14":{"start":{"line":62,"column":15},"end":{"line":64,"column":9}},"15":{"start":{"line":63,"column":10},"end":{"line":63,"column":30}},"16":{"start":{"line":70,"column":22},"end":{"line":72,"column":32}},"17":{"start":{"line":71,"column":4},"end":{"line":71,"column":77}},"18":{"start":{"line":74,"column":2},"end":{"line":92,"column":4}},"19":{"start":{"line":95,"column":0},"end":{"line":101,"column":2}}},"fnMap":{"0":{"name":"(anonymous_0)","decl":{"start":{"line":45,"column":43},"end":{"line":45,"column":44}},"loc":{"start":{"line":45,"column":54},"end":{"line":93,"column":1}},"line":45},"1":{"name":"(anonymous_1)","decl":{"start":{"line":51,"column":12},"end":{"line":51,"column":13}},"loc":{"start":{"line":51,"column":18},"end":{"line":53,"column":3}},"line":51},"2":{"name":"(anonymous_2)","decl":{"start":{"line":56,"column":4},"end":{"line":56,"column":5}},"loc":{"start":{"line":56,"column":31},"end":{"line":66,"column":5}},"line":56},"3":{"name":"(anonymous_3)","decl":{"start":{"line":56,"column":31},"end":{"line":56,"column":32}},"loc":{"start":{"line":56,"column":54},"end":{"line":66,"column":5}},"line":56},"4":{"name":"(anonymous_4)","decl":{"start":{"line":70,"column":34},"end":{"line":70,"column":35}},"loc":{"start":{"line":70,"column":40},"end":{"line":72,"column":3}},"line":70}},"branchMap":{"0":{"loc":{"start":{"line":57,"column":6},"end":{"line":65,"column":7}},"type":"if","locations":[{"start":{"line":57,"column":6},"end":{"line":65,"column":7}},{"start":{},"end":{}}],"line":57},"1":{"loc":{"start":{"line":60,"column":8},"end":{"line":64,"column":9}},"type":"if","locations":[{"start":{"line":60,"column":8},"end":{"line":64,"column":9}},{"start":{"line":62,"column":15},"end":{"line":64,"column":9}}],"line":60},"2":{"loc":{"start":{"line":62,"column":15},"end":{"line":64,"column":9}},"type":"if","locations":[{"start":{"line":62,"column":15},"end":{"line":64,"column":9}},{"start":{},"end":{}}],"line":62},"3":{"loc":{"start":{"line":71,"column":14},"end":{"line":71,"column":72}},"type":"cond-expr","locations":[{"start":{"line":71,"column":21},"end":{"line":71,"column":32}},{"start":{"line":71,"column":35},"end":{"line":71,"column":72}}],"line":71},"4":{"loc":{"start":{"line":76,"column":7},"end":{"line":90,"column":7}},"type":"binary-expr","locations":[{"start":{"line":76,"column":7},"end":{"line":76,"column":17}},{"start":{"line":77,"column":8},"end":{"line":89,"column":17}}],"line":76},"5":{"loc":{"start":{"line":78,"column":21},"end":{"line":78,"column":42}},"type":"binary-expr","locations":[{"start":{"line":78,"column":21},"end":{"line":78,"column":36}},{"start":{"line":78,"column":40},"end":{"line":78,"column":42}}],"line":78},"6":{"loc":{"start":{"line":79,"column":16},"end":{"line":79,"column":37}},"type":"binary-expr","locations":[{"start":{"line":79,"column":16},"end":{"line":79,"column":26}},{"start":{"line":79,"column":30},"end":{"line":79,"column":37}}],"line":79},"7":{"loc":{"start":{"line":81,"column":16},"end":{"line":81,"column":38}},"type":"binary-expr","locations":[{"start":{"line":81,"column":16},"end":{"line":81,"column":26}},{"start":{"line":81,"column":30},"end":{"line":81,"column":38}}],"line":81},"8":{"loc":{"start":{"line":85,"column":17},"end":{"line":85,"column":41}},"type":"binary-expr","locations":[{"start":{"line":85,"column":17},"end":{"line":85,"column":28}},{"start":{"line":85,"column":32},"end":{"line":85,"column":41}}],"line":85}},"s":{"0":2,"1":3,"2":3,"3":3,"4":3,"5":3,"6":3,"7":3,"8":3,"9":2,"10":2,"11":2,"12":2,"13":1,"14":1,"15":1,"16":3,"17":3,"18":3,"19":2},"f":{"0":3,"1":3,"2":3,"3":2,"4":3},"b":{"0":[2,0],"1":[1,1],"2":[1,0],"3":[0,3],"4":[3,3],"5":[3,3],"6":[3,0],"7":[3,3],"8":[3,3]},"_coverageSchema":"1a1c01bbd47fc00a2c39e90264f33305004495a9","hash":"67a8e8ce2b2d60aa0962037f6e41136c4e04585c"},"/home/docker/project/react-boilerplate/react-boilerplate-md/src/md/component/modal/MdCommonModal.tsx":{"path":"/home/docker/project/react-boilerplate/react-boilerplate-md/src/md/component/modal/MdCommonModal.tsx","statementMap":{"0":{"start":{"line":12,"column":14},"end":{"line":24,"column":1}},"1":{"start":{"line":26,"column":51},"end":{"line":46,"column":1}},"2":{"start":{"line":27,"column":22},"end":{"line":34,"column":3}},"3":{"start":{"line":28,"column":30},"end":{"line":32,"column":5}},"4":{"start":{"line":29,"column":6},"end":{"line":29,"column":30}},"5":{"start":{"line":30,"column":6},"end":{"line":30,"column":29}},"6":{"start":{"line":31,"column":6},"end":{"line":31,"column":17}},"7":{"start":{"line":36,"column":2},"end":{"line":45,"column":4}},"8":{"start":{"line":48,"column":0},"end":{"line":50,"column":2}}},"fnMap":{"0":{"name":"(anonymous_0)","decl":{"start":{"line":26,"column":51},"end":{"line":26,"column":52}},"loc":{"start":{"line":26,"column":85},"end":{"line":46,"column":1}},"line":26},"1":{"name":"(anonymous_1)","decl":{"start":{"line":28,"column":4},"end":{"line":28,"column":5}},"loc":{"start":{"line":28,"column":30},"end":{"line":32,"column":5}},"line":28},"2":{"name":"(anonymous_2)","decl":{"start":{"line":28,"column":30},"end":{"line":28,"column":31}},"loc":{"start":{"line":28,"column":53},"end":{"line":32,"column":5}},"line":28}},"branchMap":{"0":{"loc":{"start":{"line":26,"column":54},"end":{"line":26,"column":68}},"type":"default-arg","locations":[{"start":{"line":26,"column":66},"end":{"line":26,"column":68}}],"line":26},"1":{"loc":{"start":{"line":37,"column":50},"end":{"line":37,"column":69}},"type":"binary-expr","locations":[{"start":{"line":37,"column":50},"end":{"line":37,"column":60}},{"start":{"line":37,"column":64},"end":{"line":37,"column":69}}],"line":37}},"s":{"0":1,"1":1,"2":1,"3":1,"4":1,"5":1,"6":1,"7":1,"8":1},"f":{"0":1,"1":1,"2":1},"b":{"0":[1],"1":[1,0]},"_coverageSchema":"1a1c01bbd47fc00a2c39e90264f33305004495a9","hash":"54c2e9a4d1c017c89ece26f3fa696dfe3c8c515a"},"/home/docker/project/react-boilerplate/react-boilerplate-md/src/utils/list/ListUtils.ts":{"path":"/home/docker/project/react-boilerplate/react-boilerplate-md/src/utils/list/ListUtils.ts","statementMap":{"0":{"start":{"line":10,"column":25},"end":{"line":36,"column":1}},"1":{"start":{"line":12,"column":29},"end":{"line":12,"column":31}},"2":{"start":{"line":13,"column":4},"end":{"line":20,"column":5}},"3":{"start":{"line":14,"column":6},"end":{"line":19,"column":7}},"4":{"start":{"line":15,"column":8},"end":{"line":18,"column":11}},"5":{"start":{"line":21,"column":4},"end":{"line":21,"column":16}},"6":{"start":{"line":24,"column":29},"end":{"line":24,"column":31}},"7":{"start":{"line":25,"column":4},"end":{"line":25,"column":70}},"8":{"start":{"line":26,"column":4},"end":{"line":26,"column":71}},"9":{"start":{"line":27,"column":4},"end":{"line":27,"column":16}},"10":{"start":{"line":31,"column":4},"end":{"line":34,"column":8}},"11":{"start":{"line":31,"column":44},"end":{"line":34,"column":5}}},"fnMap":{"0":{"name":"(anonymous_0)","decl":{"start":{"line":11,"column":21},"end":{"line":11,"column":22}},"loc":{"start":{"line":11,"column":85},"end":{"line":22,"column":3}},"line":11},"1":{"name":"(anonymous_1)","decl":{"start":{"line":23,"column":19},"end":{"line":23,"column":20}},"loc":{"start":{"line":23,"column":53},"end":{"line":28,"column":3}},"line":23},"2":{"name":"(anonymous_2)","decl":{"start":{"line":30,"column":2},"end":{"line":30,"column":3}},"loc":{"start":{"line":30,"column":48},"end":{"line":35,"column":3}},"line":30},"3":{"name":"(anonymous_3)","decl":{"start":{"line":31,"column":21},"end":{"line":31,"column":22}},"loc":{"start":{"line":31,"column":44},"end":{"line":34,"column":5}},"line":31}},"branchMap":{"0":{"loc":{"start":{"line":14,"column":6},"end":{"line":19,"column":7}},"type":"if","locations":[{"start":{"line":14,"column":6},"end":{"line":19,"column":7}},{"start":{},"end":{}}],"line":14},"1":{"loc":{"start":{"line":32,"column":12},"end":{"line":32,"column":50}},"type":"binary-expr","locations":[{"start":{"line":32,"column":12},"end":{"line":32,"column":44}},{"start":{"line":32,"column":48},"end":{"line":32,"column":50}}],"line":32},"2":{"loc":{"start":{"line":33,"column":10},"end":{"line":33,"column":47}},"type":"binary-expr","locations":[{"start":{"line":33,"column":10},"end":{"line":33,"column":40}},{"start":{"line":33,"column":44},"end":{"line":33,"column":47}}],"line":33}},"s":{"0":5,"1":1,"2":1,"3":2,"4":2,"5":1,"6":1,"7":1,"8":1,"9":1,"10":1,"11":1},"f":{"0":1,"1":1,"2":1,"3":1},"b":{"0":[2,0],"1":[1,0],"2":[1,0]},"_coverageSchema":"1a1c01bbd47fc00a2c39e90264f33305004495a9","hash":"d1f1b4455c09cc6a27ffede35f494460f3078a93"},"/home/docker/project/react-boilerplate/react-boilerplate-md/src/utils/object/ObjectUtils.tsx":{"path":"/home/docker/project/react-boilerplate/react-boilerplate-md/src/utils/object/ObjectUtils.tsx","statementMap":{"0":{"start":{"line":4,"column":27},"end":{"line":41,"column":1}},"1":{"start":{"line":6,"column":4},"end":{"line":6,"column":108}},"2":{"start":{"line":9,"column":4},"end":{"line":9,"column":62}},"3":{"start":{"line":12,"column":4},"end":{"line":12,"column":57}},"4":{"start":{"line":15,"column":16},"end":{"line":15,"column":20}},"5":{"start":{"line":16,"column":19},"end":{"line":16,"column":34}},"6":{"start":{"line":17,"column":4},"end":{"line":19,"column":7}},"7":{"start":{"line":18,"column":6},"end":{"line":18,"column":55}},"8":{"start":{"line":20,"column":4},"end":{"line":20,"column":90}},"9":{"start":{"line":23,"column":4},"end":{"line":23,"column":79}},"10":{"start":{"line":26,"column":16},"end":{"line":26,"column":47}},"11":{"start":{"line":27,"column":17},"end":{"line":29,"column":5}},"12":{"start":{"line":28,"column":6},"end":{"line":28,"column":96}},"13":{"start":{"line":30,"column":4},"end":{"line":38,"column":5}},"14":{"start":{"line":31,"column":6},"end":{"line":31,"column":113}},"15":{"start":{"line":33,"column":6},"end":{"line":37,"column":8}},"16":{"start":{"line":34,"column":8},"end":{"line":36,"column":16}},"17":{"start":{"line":39,"column":4},"end":{"line":39,"column":24}}},"fnMap":{"0":{"name":"(anonymous_0)","decl":{"start":{"line":5,"column":2},"end":{"line":5,"column":3}},"loc":{"start":{"line":5,"column":28},"end":{"line":7,"column":3}},"line":5},"1":{"name":"(anonymous_1)","decl":{"start":{"line":8,"column":15},"end":{"line":8,"column":16}},"loc":{"start":{"line":8,"column":61},"end":{"line":10,"column":3}},"line":8},"2":{"name":"(anonymous_2)","decl":{"start":{"line":11,"column":16},"end":{"line":11,"column":17}},"loc":{"start":{"line":11,"column":62},"end":{"line":13,"column":3}},"line":11},"3":{"name":"(anonymous_3)","decl":{"start":{"line":14,"column":20},"end":{"line":14,"column":21}},"loc":{"start":{"line":14,"column":81},"end":{"line":21,"column":3}},"line":14},"4":{"name":"(anonymous_4)","decl":{"start":{"line":17,"column":19},"end":{"line":17,"column":20}},"loc":{"start":{"line":17,"column":30},"end":{"line":19,"column":5}},"line":17},"5":{"name":"(anonymous_5)","decl":{"start":{"line":22,"column":13},"end":{"line":22,"column":14}},"loc":{"start":{"line":22,"column":35},"end":{"line":24,"column":3}},"line":22},"6":{"name":"(anonymous_6)","decl":{"start":{"line":25,"column":16},"end":{"line":25,"column":17}},"loc":{"start":{"line":25,"column":87},"end":{"line":40,"column":3}},"line":25},"7":{"name":"(anonymous_7)","decl":{"start":{"line":27,"column":28},"end":{"line":27,"column":29}},"loc":{"start":{"line":28,"column":6},"end":{"line":28,"column":96}},"line":28},"8":{"name":"(anonymous_8)","decl":{"start":{"line":33,"column":24},"end":{"line":33,"column":25}},"loc":{"start":{"line":34,"column":8},"end":{"line":36,"column":16}},"line":34}},"branchMap":{"0":{"loc":{"start":{"line":6,"column":11},"end":{"line":6,"column":107}},"type":"cond-expr","locations":[{"start":{"line":6,"column":38},"end":{"line":6,"column":75}},{"start":{"line":6,"column":78},"end":{"line":6,"column":107}}],"line":6},"1":{"loc":{"start":{"line":6,"column":11},"end":{"line":6,"column":35}},"type":"binary-expr","locations":[{"start":{"line":6,"column":11},"end":{"line":6,"column":15}},{"start":{"line":6,"column":19},"end":{"line":6,"column":35}}],"line":6},"2":{"loc":{"start":{"line":6,"column":78},"end":{"line":6,"column":107}},"type":"binary-expr","locations":[{"start":{"line":6,"column":78},"end":{"line":6,"column":101}},{"start":{"line":6,"column":105},"end":{"line":6,"column":107}}],"line":6},"3":{"loc":{"start":{"line":9,"column":11},"end":{"line":9,"column":61}},"type":"binary-expr","locations":[{"start":{"line":9,"column":11},"end":{"line":9,"column":55}},{"start":{"line":9,"column":59},"end":{"line":9,"column":61}}],"line":9},"4":{"loc":{"start":{"line":14,"column":53},"end":{"line":14,"column":76}},"type":"default-arg","locations":[{"start":{"line":14,"column":71},"end":{"line":14,"column":76}}],"line":14},"5":{"loc":{"start":{"line":18,"column":14},"end":{"line":18,"column":54}},"type":"binary-expr","locations":[{"start":{"line":18,"column":14},"end":{"line":18,"column":48}},{"start":{"line":18,"column":52},"end":{"line":18,"column":54}}],"line":18},"6":{"loc":{"start":{"line":20,"column":11},"end":{"line":20,"column":89}},"type":"cond-expr","locations":[{"start":{"line":20,"column":20},"end":{"line":20,"column":73}},{"start":{"line":20,"column":76},"end":{"line":20,"column":89}}],"line":20},"7":{"loc":{"start":{"line":23,"column":20},"end":{"line":23,"column":41}},"type":"binary-expr","locations":[{"start":{"line":23,"column":20},"end":{"line":23,"column":35}},{"start":{"line":23,"column":39},"end":{"line":23,"column":41}}],"line":23},"8":{"loc":{"start":{"line":23,"column":56},"end":{"line":23,"column":77}},"type":"binary-expr","locations":[{"start":{"line":23,"column":56},"end":{"line":23,"column":71}},{"start":{"line":23,"column":75},"end":{"line":23,"column":77}}],"line":23},"9":{"loc":{"start":{"line":30,"column":4},"end":{"line":38,"column":5}},"type":"if","locations":[{"start":{"line":30,"column":4},"end":{"line":38,"column":5}},{"start":{"line":32,"column":11},"end":{"line":3
[...]
,"line":8}},"branchMap":{"0":{"loc":{"start":{"line":9,"column":26},"end":{"line":9,"column":51}},"type":"binary-expr","locations":[{"start":{"line":9,"column":26},"end":{"line":9,"column":35}},{"start":{"line":9,"column":39},"end":{"line":9,"column":51}}],"line":9}},"s":{"0":1,"1":1},"f":{"0":1},"b":{"0":[1,1]},"_coverageSchema":"1a1c01bbd47fc00a2c39e90264f33305004495a9","hash":"9f947d5ab3bf8fd9f43956a686c79216055f1744"},"/home/docker/project/react-boilerplate/react-boilerplate-md/src/md/component/list/MdListItem.tsx":{"path":"/home/docker/project/react-boilerplate/react-boilerplate-md/src/md/component/list/MdListItem.tsx","statementMap":{"0":{"start":{"line":11,"column":47},"end":{"line":21,"column":1}},"1":{"start":{"line":12,"column":2},"end":{"line":20,"column":4}}},"fnMap":{"0":{"name":"(anonymous_0)","decl":{"start":{"line":11,"column":47},"end":{"line":11,"column":48}},"loc":{"start":{"line":11,"column":112},"end":{"line":21,"column":1}},"line":11}},"branchMap":{"0":{"loc":{"start":{"line":14,"column":17},"end":{"line":14,"column":35}},"type":"binary-expr","locations":[{"start":{"line":14,"column":17},"end":{"line":14,"column":26}},{"start":{"line":14,"column":30},"end":{"line":14,"column":35}}],"line":14},"1":{"loc":{"start":{"line":15,"column":22},"end":{"line":15,"column":44}},"type":"binary-expr","locations":[{"start":{"line":15,"column":22},"end":{"line":15,"column":36}},{"start":{"line":15,"column":40},"end":{"line":15,"column":44}}],"line":15},"2":{"loc":{"start":{"line":17,"column":13},"end":{"line":17,"column":50}},"type":"cond-expr","locations":[{"start":{"line":17,"column":24},"end":{"line":17,"column":45}},{"start":{"line":17,"column":48},"end":{"line":17,"column":50}}],"line":17}},"s":{"0":1,"1":2},"f":{"0":2},"b":{"0":[2,1],"1":[2,1],"2":[0,2]},"_coverageSchema":"1a1c01bbd47fc00a2c39e90264f33305004495a9","hash":"6f6d11258d1b7914021cff825fa6fa348df2cc88"},"/home/docker/project/react-boilerplate/react-boilerplate-md/src/md/component/list/MdListItemAvatar.tsx":{"path":"/home/docker/project/react-boilerplate/react-boilerplate-md/src/md/component/list/MdListItemAvatar.tsx","statementMap":{"0":{"start":{"line":8,"column":59},"end":{"line":10,"column":1}},"1":{"start":{"line":9,"column":2},"end":{"line":9,"column":53}}},"fnMap":{"0":{"name":"(anonymous_0)","decl":{"start":{"line":8,"column":59},"end":{"line":8,"column":60}},"loc":{"start":{"line":8,"column":77},"end":{"line":10,"column":1}},"line":8}},"branchMap":{},"s":{"0":1,"1":1},"f":{"0":1},"b":{},"_coverageSchema":"1a1c01bbd47fc00a2c39e90264f33305004495a9","hash":"28cf1e75c0c1b3fb2c1903a8174fe66afd35f146"},"/home/docker/project/react-boilerplate/react-boilerplate-md/src/md/component/list/MdListItemButton.tsx":{"path":"/home/docker/project/react-boilerplate/react-boilerplate-md/src/md/component/list/MdListItemButton.tsx","statementMap":{"0":{"start":{"line":8,"column":59},"end":{"line":10,"column":1}},"1":{"start":{"line":9,"column":2},"end":{"line":9,"column":72}}},"fnMap":{"0":{"name":"(anonymous_0)","decl":{"start":{"line":8,"column":59},"end":{"line":8,"column":60}},"loc":{"start":{"line":8,"column":87},"end":{"line":10,"column":1}},"line":8}},"branchMap":{},"s":{"0":1,"1":1},"f":{"0":1},"b":{},"_coverageSchema":"1a1c01bbd47fc00a2c39e90264f33305004495a9","hash":"5c03219fa09678ad7175649dad0fca43548e27dd"},"/home/docker/project/react-boilerplate/react-boilerplate-md/src/md/component/list/MdListItemIcon.tsx":{"path":"/home/docker/project/react-boilerplate/react-boilerplate-md/src/md/component/list/MdListItemIcon.tsx","statementMap":{"0":{"start":{"line":8,"column":55},"end":{"line":10,"column":1}},"1":{"start":{"line":9,"column":2},"end":{"line":9,"column":49}}},"fnMap":{"0":{"name":"(anonymous_0)","decl":{"start":{"line":8,"column":55},"end":{"line":8,"column":56}},"loc":{"start":{"line":8,"column":73},"end":{"line":10,"column":1}},"line":8}},"branchMap":{},"s":{"0":1,"1":1},"f":{"0":1},"b":{},"_coverageSchema":"1a1c01bbd47fc00a2c39e90264f33305004495a9","hash":"b1c5a04fce2b3ab21d5695d4c9bf86d9dd3a01c6"},"/home/docker/project/react-boilerplate/react-boilerplate-md/src/md/component/list/MdListItemText.tsx":{"path":"/home/docker/project/react-boilerplate/react-boilerplate-md/src/md/component/list/MdListItemText.tsx","statementMap":{"0":{"start":{"line":9,"column":55},"end":{"line":13,"column":1}},"1":{"start":{"line":10,"column":20},"end":{"line":10,"column":37}},"2":{"start":{"line":12,"column":2},"end":{"line":12,"column":102}}},"fnMap":{"0":{"name":"(anonymous_0)","decl":{"start":{"line":9,"column":55},"end":{"line":9,"column":56}},"loc":{"start":{"line":9,"column":88},"end":{"line":13,"column":1}},"line":9}},"branchMap":{},"s":{"0":1,"1":1,"2":1},"f":{"0":1},"b":{},"_coverageSchema":"1a1c01bbd47fc00a2c39e90264f33305004495a9","hash":"96984c40d2a75e72ec4bb32f15fa8b5c5eef4bf0"},"/home/docker/project/react-boilerplate/react-boilerplate-md/src/md/component/card/media/MdCardMedia.tsx":{"path":"/home/docker/project/react-boilerplate/react-boilerplate-md/src/md/component/card/media/MdCardMedia.tsx","statementMap":{"0":{"start":{"line":8,"column":49},"end":{"line":10,"column":1}},"1":{"start":{"line":9,"column":2},"end":{"line":9,"column":43}}},"fnMap":{"0":{"name":"(anonymous_0)","decl":{"start":{"line":8,"column":49},"end":{"line":8,"column":50}},"loc":{"start":{"line":8,"column":67},"end":{"line":10,"column":1}},"line":8}},"branchMap":{},"s":{"0":1,"1":1},"f":{"0":1},"b":{},"_coverageSchema":"1a1c01bbd47fc00a2c39e90264f33305004495a9","hash":"f228ab2f640f25dfa14c18e2dea6b8319b969d42"},"/home/docker/project/react-boilerplate/react-boilerplate-md/src/md/component/form/text/MdInputText.tsx":{"path":"/home/docker/project/react-boilerplate/react-boilerplate-md/src/md/component/form/text/MdInputText.tsx","statementMap":{"0":{"start":{"line":19,"column":49},"end":{"line":54,"column":1}},"1":{"start":{"line":20,"column":20},"end":{"line":20,"column":93}},"2":{"start":{"line":22,"column":25},"end":{"line":31,"column":3}},"3":{"start":{"line":23,"column":46},"end":{"line":29,"column":5}},"4":{"start":{"line":24,"column":21},"end":{"line":27,"column":7}},"5":{"start":{"line":28,"column":6},"end":{"line":28,"column":55}},"6":{"start":{"line":33,"column":2},"end":{"line":53,"column":4}},"7":{"start":{"line":56,"column":0},"end":{"line":61,"column":2}}},"fnMap":{"0":{"name":"(anonymous_0)","decl":{"start":{"line":19,"column":49},"end":{"line":19,"column":50}},"loc":{"start":{"line":19,"column":83},"end":{"line":54,"column":1}},"line":19},"1":{"name":"(anonymous_1)","decl":{"start":{"line":23,"column":4},"end":{"line":23,"column":5}},"loc":{"start":{"line":23,"column":46},"end":{"line":29,"column":5}},"line":23},"2":{"name":"(anonymous_2)","decl":{"start":{"line":23,"column":46},"end":{"line":23,"column":47}},"loc":{"start":{"line":23,"column":91},"end":{"line":29,"column":5}},"line":23}},"branchMap":{"0":{"loc":{"start":{"line":19,"column":52},"end":{"line":19,"column":66}},"type":"default-arg","locations":[{"start":{"line":19,"column":64},"end":{"line":19,"column":66}}],"line":19},"1":{"loc":{"start":{"line":28,"column":6},"end":{"line":28,"column":54}},"type":"binary-expr","locations":[{"start":{"line":28,"column":6},"end":{"line":28,"column":21}},{"start":{"line":28,"column":25},"end":{"line":28,"column":54}}],"line":28},"2":{"loc":{"start":{"line":40,"column":15},"end":{"line":40,"column":66}},"type":"binary-expr","locations":[{"start":{"line":40,"column":15},"end":{"line":40,"column":60}},{"start":{"line":40,"column":64},"end":{"line":40,"column":66}}],"line":40},"3":{"loc":{"start":{"line":41,"column":18},"end":{"line":41,"column":70}},"type":"binary-expr","locations":[{"start":{"line":41,"column":18},"end":{"line":41,"column":64}},{"start":{"line":41,"column":68},"end":{"line":41,"column":70}}],"line":41}},"s":{"0":1,"1":1,"2":1,"3":1,"4":1,"5":1,"6":1,"7":1},"f":{"0":1,"1":1,"2":1},"b":{"0":[0],"1":[1,1],"2":[1,1],"3":[1,1]},"_coverageSchema":"1a1c01bbd47fc00a2c39e90264f33305004495a9","hash":"20ba90f9ba6861bd41e0e0dfe2f1343882b9931e"},"/home/docker/project/react-boilerplate/react-boilerplate-md/src/md/component/form/autocomplete/MdFormAutocomplete.tsx":{"path":"/home/docker/project/react-boilerplate/react-boilerplate-md/src/md/component/form/autocomplete/MdFormAutocomplete.tsx","statementMap":{"0":{"start":{"line":13,"column":63},"end":{"line":33,"column":1}},"1":{"start":{"line":14,"column":20},"end":{"line":14,"column":93}},"2":{"start":{"line":16,"column":2},"end":{"line":32,"column":4}},"3":{"start":{"line":26,"column":35},"end":{"line":26,"column":80}},"4":{"start":{"line":35,"column":0},"end":{"line":35,"column":37}}},"fnMap":{"0":{"name":"(anonymous_0)","decl":{"start":{"line":13,"column":63},"end":{"line":13,"column":64}},"loc":{"start":{"line":13,"column":100},"end":{"line":33,"column":1}},"line":13},"1":{"name":"(anonymous_1)","decl":{"start":{"line":26,"column":23},"end":{"line":26,"column":24}},"loc":{"start":{"line":26,"column":35},"end":{"line":26,"column":80}},"line":26}},"branchMap":{"0":{"loc":{"start":{"line":21,"column":17},"end":{"line":21,"column":69}},"type":"binary-expr","locations":[{"start":{"line":21,"column":17},"end":{"line":21,"column":63}},{"start":{"line":21,"column":67},"end":{"line":21,"column":69}}],"line":21}},"s":{"0":1,"1":2,"2":1,"3":1,"4":1},"f":{"0":2,"1":1},"b":{"0":[1,0]},"_coverageSchema":"1a1c01bbd47fc00a2c39e90264f33305004495a9","hash":"870f5a4e87da8870b2cf4b945d1bca33ef5e1da4"},"/home/docker/project/react-boilerplate/react-boilerplate-md/src/md/component/form/datepicker/MdInputDatepicker.tsx":{"path":"/home/docker/project/react-boilerplate/react-boilerplate-md/src/md/component/form/datepicker/MdInputDatepicker.tsx","statementMap":{"0":{"start":{"line":16,"column":61},"end":{"line":58,"column":1}},"1":{"start":{"line":17,"column":16},"end":{"line":17,"column":33}},"2":{"start":{"line":18,"column":20},"end":{"line":18,"column":93}},"3":{"start":{"line":19,"column":28},"end":{"line":19,"column":66}},"4":{"start":{"line":21,"column":2},"end":{"line":24,"column":32}},"5":{"start":{"line":22,"column":21},"end":{"line":22,"column":72}},"6":{"start":{"line":23,"column":4},"end":{"line":23,"column":42}},"7":{"start":{"line":26,"column":23},"end":{"line":35,"column":3}},"8":{"start":{"line":27,"column":37},"end":{"line":33,"column":5}},"9":{"start":{"line":28,"column":35},"end":{"line":28,"column":37}},"10":{"start":{"line":29,"column":6},"end":{"line":31,"column":7}},"11":{"start":{"line":30,"column":8},"end":{"line":30,"column":91}},"12":{"start":{"line":32,"column":6},"end":{"line":32,"column":74}},"13":{"start":{"line":37,"column":2},"end":{"line":57,"column":4}}},"fnMap":{"0":{"name":"(anonymous_0)","decl":{"start":{"line":16,"column":61},"end":{"line":16,"column":62}},"loc":{"start":{"line":16,"column":95},"end":{"line":58,"column":1}},"line":16},"1":{"name":"(anonymous_1)","decl":{"start":{"line":21,"column":12},"end":{"line":21,"column":13}},"loc":{"start":{"line":21,"column":18},"end":{"line":24,"column":3}},"line":21},"2":{"name":"(anonymous_2)","decl":{"start":{"line":27,"column":4},"end":{"line":27,"column":5}},"loc":{"start":{"line":27,"column":37},"end":{"line":33,"column":5}},"line":27},"3":{"name":"(anonymous_3)","decl":{"start":{"line":27,"column":37},"end":{"line":27,"column":38}},"loc":{"start":{"line":27,"column":67},"end":{"line":33,"column":5}},"line":27}},"branchMap":{"0":{"loc":{"start":{"line":16,"column":64},"end":{"line":16,"column":78}},"type":"default-arg","locations":[{"start":{"line":16,"column":76},"end":{"line":16,"column":78}}],"line":16},"1":{"loc":{"start":{"line":22,"column":21},"end":{"line":22,"column":72}},"type":"binary-expr","locations":[{"start":{"line":22,"column":21},"end":{"line":22,"column":66}},{"start":{"line":22,"column":70},"end":{"line":22,"column":72}}],"line":22},"2":{"loc":{"start":{"line":23,"column":4},"end":{"line":23,"column":41}},"type":"binary-expr","locations":[{"start":{"line":23,"column":4},"end":{"line":23,"column":12}},{"start":{"line":23,"column":16},"end":{"line":23,"column":41}}],"line":23},"3":{"loc":{"start":{"line":29,"column":6},"end":{"line":31,"column":7}},"type":"if","locations":[{"start":{"line":29,"column":6},"end":{"line":31,"column":7}},{"start":{},"end":{}}],"line":29},"4":{"loc":{"start":{"line":53,"column":15},"end":{"line":53,"column":38}},"type":"binary-expr","locations":[{"start":{"line":53,"column":16},"end":{"line":53,"column":31}},{"start":{"line":53,"column":36},"end":{"line":53,"column":38}}],"line":53},"5":{"loc":{"start":{"line":54,"column":18},"end":{"line":54,"column":41}},"type":"binary-expr","locations":[{"start":{"line":54,"column":18},"end":{"line":54,"column":32}},{"start":{"line":54,"column":36},"end":{"line":54,"column":41}}],"line":54}},"s":{"0":1,"1":2,"2":2,"3":2,"4":2,"5":1,"6":1,"7":2,"8":2,"9":1,"10":1,"11":1,"12":1,"13":2},"f":{"0":2,"1":1,"2":2,"3":1},"b":{"0":[0],"1":[1,0],"2":[1,1],"3":[1,0],"4":[2,1],"5":[2,2]},"_coverageSchema":"1a1c01bbd47fc00a2c39e90264f33305004495a9","hash":"d2a87d5b826e3991c3ace617db9094e8eab54df3"},"/home/docker/project/react-boilerplate/react-boilerplate-md/src/md/component/form/switch/MdFormSwitchSimple.tsx":{"path":"/home/docker/project/react-boilerplate/react-boilerplate-md/src/md/component/form/switch/MdFormSwitchSimple.tsx","statementMap":{"0":{"start":{"line":12,"column":63},"end":{"line":20,"column":1}},"1":{"start":{"line":19,"column":2},"end":{"line":19,"column":112}}},"fnMap":{"0":{"name":"(anonymous_0)","decl":{"start":{"line":12,"column":63},"end":{"line":12,"column":64}},"loc":{"start":{"line":18,"column":6},"end":{"line":20,"column":1}},"line":18}},"branchMap":{},"s":{"0":1,"1":1},"f":{"0":1},"b":{},"_coverageSchema":"1a1c01bbd47fc00a2c39e90264f33305004495a9","hash":"f00c309ef6be80e3dd7a1337293c92d343a233c6"},"/home/docker/project/react-boilerplate/react-boilerplate-md/src/md/component/form/switch/MdFormSwitch.tsx":{"path":"/home/docker/project/react-boilerplate/react-boilerplate-md/src/md/component/form/switch/MdFormSwitch.tsx","statementMap":{"0":{"start":{"line":16,"column":51},"end":{"line":52,"column":1}},"1":{"start":{"line":17,"column":20},"end":{"line":17,"column":37}},"2":{"start":{"line":18,"column":20},"end":{"line":18,"column":93}},"3":{"start":{"line":19,"column":32},"end":{"line":19,"column":56}},"4":{"start":{"line":21,"column":2},"end":{"line":23,"column":33}},"5":{"start":{"line":22,"column":4},"end":{"line":22,"column":72}},"6":{"start":{"line":25,"column":23},"end":{"line":31,"column":3}},"7":{"start":{"line":26,"column":56},"end":{"line":29,"column":5}},"8":{"start":{"line":27,"column":23},"end":{"line":27,"column":73}},"9":{"start":{"line":28,"column":6},"end":{"line":28,"column":27}},"10":{"start":{"line":33,"column":2},"end":{"line":51,"column":4}}},"fnMap":{"0":{"name":"(anonymous_0)","decl":{"start":{"line":16,"column":51},"end":{"line":16,"column":52}},"loc":{"start":{"line":16,"column":85},"end":{"line":52,"column":1}},"line":16},"1":{"name":"(anonymous_1)","decl":{"start":{"line":21,"column":12},"end":{"line":21,"column":13}},"loc":{"start":{"line":21,"column":18},"end":{"line":23,"column":3}},"line":21},"2":{"name":"(anonymous_2)","decl":{"start":{"line":26,"column":4},"end":{"line":26,"column":5}},"loc":{"start":{"line":26,"column":56},"end":{"line":29,"column":5}},"line":26},"3":{"name":"(anonymous_3)","decl":{"start":{"line":26,"column":56},"end":{"line":26,"column":57}},"loc":{"start":{"line":26,"column":62},"end":{"line":29,"column":5}},"line":26}},"branchMap":{"0":{"loc":{"start":{"line":16,"column":54},"end":{"line":16,"column":68}},"type":"default-arg","locations":[{"start":{"line":16,"column":66},"end":{"line":16,"column":68}}],"line":16},"1":{"loc":{"start":{"line":38,"column":11},"end":{"line":38,"column":93}},"type":"cond-expr","locations":[{"start":{"line":38,"column":84},"end":{"line":38,"column":88}},{"start":{"line":38,"column":91},"end":{"line":38,"column":93}}],"line":38}},"s":{"0":1,"1":1,"2":1,"3":1,"4":1,"5":1,"6":1,"7":1,"8":1,"9":1,"10":1},"f":{"0":1,"1":1,"2":1,"3":1},"b":{"0":[1],"1":[0,1]},"_coverageSchema":"1a1c01bbd47fc00a2c39e90264f33305004495a9","hash":"409409a14fb62022fbe45afcf30bdb2d787d7afd"},"/home/docker/project/react-boilerplate/react-boilerplate-md/src/md/component/snackbar/MdSnackbar.tsx":{"path":"/home/docker/project/react-boilerplate/react-boilerplate-md/src/md/component/snackbar/MdSnackbar.tsx","statementMap":{"0":{"start":{"line":7,"column":24},"end":{"line":9,"column":1}},"1":{"start":{"line":8,"column":2},"end":{"line":8,"column":47}},"2":{"start":{"line":16,"column":47},"end":{"line":43,"column":1}},"3":{"start":{"line":17,"column":20},"end":{"line":17,"column":37}},"4":{"start":{"line":18,"column":26},"end":{"line":18,"column":41}},"5":{"start":{"line":19,"column":38},"end":{"line":19,"column":107}},"6":{"start":{"line":21,"column":2},"end":{"line":24,"column":22}},"7":{"start":{"line":22,"column":4},"end":{"line":22,"column":41}},"8":{"start":{"line":22,"column":24},"end":{"line":22,"column":39}},"9":{"start":{"line":23,"column":4},"end":{"line":23,"column":28}},"10":{"start":{"line":26,"column":22},"end":{"line":28,"column":8}},"11":{"start":{"line":27,"column":4},"end":{"line":27,"column":19}},"12":{"start":{"line":30,"column":2},"end":{"line":42,"column":4}}},"fnMap":{"0":{"name":"(anonymous_0)","decl":{"start":{"line":7,"column":24},"end":{"line":7,"column":25}},"loc":{"start":{"line":7,"column":52},"end":{"line":9,"column":1}},"line":7},"1":{"name":"(anonymous_1)","decl":{"start":{"line":16,"column":47},"end":{"line":16,"column":48}},"loc":{"start":{"line":16,"column":70},"end":{"line":43,"column":1}},"line":16},"2":{"name":"(anonymous_2)","decl":{"start":{"line":21,"column":12},"end":{"line":21,"column":13}},"loc":{"start":{"line":21,"column":18},"end":{"line":24,"column":3}},"line":21},"3":{"name":"(anonymous_3)","decl":{"start":{"line":22,"column":18},"end":{"line":22,"column":19}},"loc":{"start":{"line":22,"column":24},"end":{"line":22,"column":39}},"line":22},"4":{"name":"(anonymous_4)","decl":{"start":{"line":26,"column":34},"end":{"line":26,"column":35}},"loc":{"start":{"line":26,"column":40},"end":{"line":28,"column":3}},"line":26}},"branchMap":{"0":{"loc":{"start":{"line":37,"column":11},"end":{"line":37,"column":44}},"type":"cond-expr","locations":[{"start":{"line":37,"column":24},"end":{"line":37,"column":39}},{"start":{"line":37,"column":42},"end":{"line":37,"column":44}}],"line":37}},"s":{"0":1,"1":0,"2":1,"3":2,"4":2,"5":2,"6":2,"7":1,"8":1,"9":1,"10":2,"11":0,"12":2},"f":{"0":0,"1":2,"2":1,"3":1,"4":0},"b":{"0":[1,1]},"_coverageSchema":"1a1c01bbd47fc00a2c39e90264f33305004495a9","hash":"23d53a87c846e2fb2500f26bcd0e364bcdbef104"},"/home/docker/project/react-boilerplate/react-boilerplate-md/src/i18n/i18n.js":{"path":"/home/docker/project/react-boilerplate/react-boilerplate-md/src/i18n/i18n.js","statementMap":{"0":{"start":{"line":5,"column":18},"end":{"line":7,"column":1}},"1":{"start":{"line":9,"column":0},"end":{"line":17,"column":5}}},"fnMap":{},"branchMap":{},"s":{"0":1,"1":1},"f":{},"b":{},"_coverageSchema":"1a1c01bbd47fc00a2c39e90264f33305004495a9","hash":"aca394358ac240cb65ce96cc544ba3a46af5b7dd"},"/home/docker/project/react-boilerplate/react-boilerplate-md/src/md/component/toolbar/MdToolbar.tsx":{"path":"/home/docker/project/react-boilerplate/react-boilerplate-md/src/md/component/toolbar/MdToolbar.tsx","statementMap":{"0":{"start":{"line":11,"column":45},"end":{"line":19,"column":1}},"1":{"start":{"line":12,"column":17},"end":{"line":12,"column":31}},"2":{"start":{"line":14,"column":2},"end":{"line":18,"column":4}}},"fnMap":{"0":{"name":"(anonymous_0)","decl":{"start":{"line":11,"column":45},"end":{"line":11,"column":46}},"loc":{"start":{"line":11,"column":76},"end":{"line":19,"column":1}},"line":11}},"branchMap":{},"s":{"0":1,"1":2,"2":2},"f":{"0":2},"b":{},"_coverageSchema":"1a1c01bbd47fc00a2c39e90264f33305004495a9","hash":"1519af42971e2c385a37942726cbf478b21b5c93"}}}
